The target system is: Linux - 1 - arm
The host system is: Linux - 3.19.0-59-generic - x86_64
Compiling the CXX compiler identification source file "CMakeCXXCompilerId.cpp" succeeded.
Compiler: /usr/local/arm/4.9.2/bin/arm-linux-gnueabihf-g++ 
Build flags: -mthumb;;-fdata-sections;-Wa,--noexecstack;-fsigned-char;-Wno-psabi
Id flags: 

The output was:
0


Compilation of the CXX compiler identification source "CMakeCXXCompilerId.cpp" produced "a.out"

The CXX compiler identification is GNU, found in "/home/ryu/workspace/library/opencv/opencv-3.2.0/build/CMakeFiles/2.8.12.2/CompilerIdCXX/a.out"

Compiling the C compiler identification source file "CMakeCCompilerId.c" succeeded.
Compiler: /usr/local/arm/4.9.2/bin/arm-linux-gnueabihf-gcc 
Build flags: -mthumb;;-fdata-sections;-Wa,--noexecstack;-fsigned-char;-Wno-psabi
Id flags: 

The output was:
0


Compilation of the C compiler identification source "CMakeCCompilerId.c" produced "a.out"

The C compiler identification is GNU, found in "/home/ryu/workspace/library/opencv/opencv-3.2.0/build/CMakeFiles/2.8.12.2/CompilerIdC/a.out"

Determining if the CXX compiler works passed with the following output:
Change Dir: /home/ryu/workspace/library/opencv/opencv-3.2.0/build/CMakeFiles/CMakeTmp

Run Build Command:/usr/bin/make "cmTryCompileExec89101508/fast"
/usr/bin/make -f CMakeFiles/cmTryCompileExec89101508.dir/build.make CMakeFiles/cmTryCompileExec89101508.dir/build
make[1]: Entering directory `/home/ryu/workspace/library/opencv/opencv-3.2.0/build/CMakeFiles/CMakeTmp'
/usr/bin/cmake -E cmake_progress_report /home/ryu/workspace/library/opencv/opencv-3.2.0/build/CMakeFiles/CMakeTmp/CMakeFiles 1
Building CXX object CMakeFiles/cmTryCompileExec89101508.dir/testCXXCompiler.cxx.o
/usr/local/arm/4.9.2/bin/arm-linux-gnueabihf-g++    -mthumb  -fdata-sections -Wa,--noexecstack -fsigned-char -Wno-psabi    -o CMakeFiles/cmTryCompileExec89101508.dir/testCXXCompiler.cxx.o -c /home/ryu/workspace/library/opencv/opencv-3.2.0/build/CMakeFiles/CMakeTmp/testCXXCompiler.cxx
Linking CXX executable cmTryCompileExec89101508
/usr/bin/cmake -E cmake_link_script CMakeFiles/cmTryCompileExec89101508.dir/link.txt --verbose=1
/usr/local/arm/4.9.2/bin/arm-linux-gnueabihf-g++   -mthumb  -fdata-sections -Wa,--noexecstack -fsigned-char -Wno-psabi     CMakeFiles/cmTryCompileExec89101508.dir/testCXXCompiler.cxx.o  -o cmTryCompileExec89101508 -rdynamic 
make[1]: Leaving directory `/home/ryu/workspace/library/opencv/opencv-3.2.0/build/CMakeFiles/CMakeTmp'


Detecting CXX compiler ABI info compiled with the following output:
Change Dir: /home/ryu/workspace/library/opencv/opencv-3.2.0/build/CMakeFiles/CMakeTmp

Run Build Command:/usr/bin/make "cmTryCompileExec1025893859/fast"
/usr/bin/make -f CMakeFiles/cmTryCompileExec1025893859.dir/build.make CMakeFiles/cmTryCompileExec1025893859.dir/build
make[1]: Entering directory `/home/ryu/workspace/library/opencv/opencv-3.2.0/build/CMakeFiles/CMakeTmp'
/usr/bin/cmake -E cmake_progress_report /home/ryu/workspace/library/opencv/opencv-3.2.0/build/CMakeFiles/CMakeTmp/CMakeFiles 1
Building CXX object CMakeFiles/cmTryCompileExec1025893859.dir/CMakeCXXCompilerABI.cpp.o
/usr/local/arm/4.9.2/bin/arm-linux-gnueabihf-g++    -mthumb  -fdata-sections -Wa,--noexecstack -fsigned-char -Wno-psabi    -o CMakeFiles/cmTryCompileExec1025893859.dir/CMakeCXXCompilerABI.cpp.o -c /usr/share/cmake-2.8/Modules/CMakeCXXCompilerABI.cpp
Linking CXX executable cmTryCompileExec1025893859
/usr/bin/cmake -E cmake_link_script CMakeFiles/cmTryCompileExec1025893859.dir/link.txt --verbose=1
/usr/local/arm/4.9.2/bin/arm-linux-gnueabihf-g++   -mthumb  -fdata-sections -Wa,--noexecstack -fsigned-char -Wno-psabi   -v CMakeFiles/cmTryCompileExec1025893859.dir/CMakeCXXCompilerABI.cpp.o  -o cmTryCompileExec1025893859 -rdynamic  
Using built-in specs.
COLLECT_GCC=/usr/local/arm/4.9.2/bin/arm-linux-gnueabihf-g++
COLLECT_LTO_WRAPPER=/usr/local/arm/4.9.2/bin/../libexec/gcc/arm-linux-gnueabihf/4.9.2/lto-wrapper
Target: arm-linux-gnueabihf
Configured with: /cbuild/slaves/oorts/crosstool-ng/builds/arm-linux-gnueabihf-linux/.build/src/gcc-linaro-4.9-2014.09/configure --build=i686-build_pc-linux-gnu --host=i686-build_pc-linux-gnu --target=arm-linux-gnueabihf --prefix=/cbuild/slaves/oorts/crosstool-ng/builds/arm-linux-gnueabihf-linux/install --with-sysroot=/cbuild/slaves/oorts/crosstool-ng/builds/arm-linux-gnueabihf-linux/install/arm-linux-gnueabihf/libc --enable-languages=c,c++,fortran --disable-multilib --enable-multiarch --with-arch=armv7-a --with-tune=cortex-a9 --with-fpu=vfpv3-d16 --with-float=hard --with-pkgversion='crosstool-NG linaro-1.13.1-4.9-2014.09 - Linaro GCC 4.9-2014.09' --with-bugurl=https://bugs.launchpad.net/gcc-linaro --enable-__cxa_atexit --enable-libmudflap --enable-libgomp --enable-libssp --with-gmp=/cbuild/slaves/oorts/crosstool-ng/builds/arm-linux-gnueabihf-linux/.build/arm-linux-gnueabihf/build/static --with-mpfr=/cbuild/slaves/oorts/crosstool-ng/builds/arm-linux-gnueabihf-linux/.build/arm-linux-gnueabihf/build/static --with-mpc=/cbuild/slaves/oorts/crosstool-ng/builds/arm-linux-gnueabihf-linux/.build/arm-linux-gnueabihf/build/static --with-isl=/cbuild/slaves/oorts/crosstool-ng/builds/arm-linux-gnueabihf-linux/.build/arm-linux-gnueabihf/build/static --with-cloog=/cbuild/slaves/oorts/crosstool-ng/builds/arm-linux-gnueabihf-linux/.build/arm-linux-gnueabihf/build/static --with-libelf=/cbuild/slaves/oorts/crosstool-ng/builds/arm-linux-gnueabihf-linux/.build/arm-linux-gnueabihf/build/static --enable-threads=posix --disable-libstdcxx-pch --enable-linker-build-id --enable-plugin --enable-gold --with-local-prefix=/cbuild/slaves/oorts/crosstool-ng/builds/arm-linux-gnueabihf-linux/install/arm-linux-gnueabihf/libc --enable-c99 --enable-long-long --with-mode=thumb --disable-multilib --with-float=hard
Thread model: posix
gcc version 4.9.2 20140904 (prerelease) (crosstool-NG linaro-1.13.1-4.9-2014.09 - Linaro GCC 4.9-2014.09) 
COMPILER_PATH=/usr/local/arm/4.9.2/bin/../libexec/gcc/arm-linux-gnueabihf/4.9.2/:/usr/local/arm/4.9.2/bin/../libexec/gcc/arm-linux-gnueabihf/:/usr/local/arm/4.9.2/bin/../libexec/gcc/:/usr/local/arm/4.9.2/bin/../lib/gcc/arm-linux-gnueabihf/4.9.2/../../../../arm-linux-gnueabihf/bin/
LIBRARY_PATH=/usr/local/arm/4.9.2/bin/../lib/gcc/arm-linux-gnueabihf/4.9.2/:/usr/local/arm/4.9.2/bin/../lib/gcc/arm-linux-gnueabihf/:/usr/local/arm/4.9.2/bin/../lib/gcc/:/usr/local/arm/4.9.2/bin/../lib/gcc/arm-linux-gnueabihf/4.9.2/../../../../arm-linux-gnueabihf/lib/:/usr/local/arm/4.9.2/bin/../arm-linux-gnueabihf/libc/lib/arm-linux-gnueabihf/:/usr/local/arm/4.9.2/bin/../arm-linux-gnueabihf/libc/lib/:/usr/local/arm/4.9.2/bin/../arm-linux-gnueabihf/libc/usr/lib/arm-linux-gnueabihf/:/usr/local/arm/4.9.2/bin/../arm-linux-gnueabihf/libc/usr/lib/
COLLECT_GCC_OPTIONS='-mthumb' '-fdata-sections' '-fsigned-char' '-Wno-psabi' '-v' '-o' 'cmTryCompileExec1025893859' '-rdynamic' '-shared-libgcc' '-march=armv7-a' '-mtune=cortex-a9' '-mfloat-abi=hard' '-mfpu=vfpv3-d16' '-mtls-dialect=gnu'
 /usr/local/arm/4.9.2/bin/../libexec/gcc/arm-linux-gnueabihf/4.9.2/collect2 --sysroot=/usr/local/arm/4.9.2/bin/../arm-linux-gnueabihf/libc --build-id --eh-frame-hdr -export-dynamic -dynamic-linker /lib/ld-linux-armhf.so.3 -X -m armelf_linux_eabi -o cmTryCompileExec1025893859 /usr/local/arm/4.9.2/bin/../arm-linux-gnueabihf/libc/usr/lib/arm-linux-gnueabihf/crt1.o /usr/local/arm/4.9.2/bin/../arm-linux-gnueabihf/libc/usr/lib/arm-linux-gnueabihf/crti.o /usr/local/arm/4.9.2/bin/../lib/gcc/arm-linux-gnueabihf/4.9.2/crtbegin.o -L/usr/local/arm/4.9.2/bin/../lib/gcc/arm-linux-gnueabihf/4.9.2 -L/usr/local/arm/4.9.2/bin/../lib/gcc/arm-linux-gnueabihf -L/usr/local/arm/4.9.2/bin/../lib/gcc -L/usr/local/arm/4.9.2/bin/../lib/gcc/arm-linux-gnueabihf/4.9.2/../../../../arm-linux-gnueabihf/lib -L/usr/local/arm/4.9.2/bin/../arm-linux-gnueabihf/libc/lib/arm-linux-gnueabihf -L/usr/local/arm/4.9.2/bin/../arm-linux-gnueabihf/libc/lib -L/usr/local/arm/4.9.2/bin/../arm-linux-gnueabihf/libc/usr/lib/arm-linux-gnueabihf -L/usr/local/arm/4.9.2/bin/../arm-linux-gnueabihf/libc/usr/lib CMakeFiles/cmTryCompileExec1025893859.dir/CMakeCXXCompilerABI.cpp.o -lstdc++ -lm -lgcc_s -lgcc -lc -lgcc_s -lgcc /usr/local/arm/4.9.2/bin/../lib/gcc/arm-linux-gnueabihf/4.9.2/crtend.o /usr/local/arm/4.9.2/bin/../arm-linux-gnueabihf/libc/usr/lib/arm-linux-gnueabihf/crtn.o
make[1]: Leaving directory `/home/ryu/workspace/library/opencv/opencv-3.2.0/build/CMakeFiles/CMakeTmp'


Parsed CXX implicit link information from above output:
  link line regex: [^( *|.*[/\])(arm-linux-gnueabihf-ld|([^/\]+-)?ld|collect2)[^/\]*( |$)]
  ignore line: [Change Dir: /home/ryu/workspace/library/opencv/opencv-3.2.0/build/CMakeFiles/CMakeTmp]
  ignore line: []
  ignore line: [Run Build Command:/usr/bin/make "cmTryCompileExec1025893859/fast"]
  ignore line: [/usr/bin/make -f CMakeFiles/cmTryCompileExec1025893859.dir/build.make CMakeFiles/cmTryCompileExec1025893859.dir/build]
  ignore line: [make[1]: Entering directory `/home/ryu/workspace/library/opencv/opencv-3.2.0/build/CMakeFiles/CMakeTmp']
  ignore line: [/usr/bin/cmake -E cmake_progress_report /home/ryu/workspace/library/opencv/opencv-3.2.0/build/CMakeFiles/CMakeTmp/CMakeFiles 1]
  ignore line: [Building CXX object CMakeFiles/cmTryCompileExec1025893859.dir/CMakeCXXCompilerABI.cpp.o]
  ignore line: [/usr/local/arm/4.9.2/bin/arm-linux-gnueabihf-g++    -mthumb  -fdata-sections -Wa,--noexecstack -fsigned-char -Wno-psabi    -o CMakeFiles/cmTryCompileExec1025893859.dir/CMakeCXXCompilerABI.cpp.o -c /usr/share/cmake-2.8/Modules/CMakeCXXCompilerABI.cpp]
  ignore line: [Linking CXX executable cmTryCompileExec1025893859]
  ignore line: [/usr/bin/cmake -E cmake_link_script CMakeFiles/cmTryCompileExec1025893859.dir/link.txt --verbose=1]
  ignore line: [/usr/local/arm/4.9.2/bin/arm-linux-gnueabihf-g++   -mthumb  -fdata-sections -Wa,--noexecstack -fsigned-char -Wno-psabi   -v CMakeFiles/cmTryCompileExec1025893859.dir/CMakeCXXCompilerABI.cpp.o  -o cmTryCompileExec1025893859 -rdynamic  ]
  ignore line: [Using built-in specs.]
  ignore line: [COLLECT_GCC=/usr/local/arm/4.9.2/bin/arm-linux-gnueabihf-g++]
  ignore line: [COLLECT_LTO_WRAPPER=/usr/local/arm/4.9.2/bin/../libexec/gcc/arm-linux-gnueabihf/4.9.2/lto-wrapper]
  ignore line: [Target: arm-linux-gnueabihf]
  ignore line: [Configured with: /cbuild/slaves/oorts/crosstool-ng/builds/arm-linux-gnueabihf-linux/.build/src/gcc-linaro-4.9-2014.09/configure --build=i686-build_pc-linux-gnu --host=i686-build_pc-linux-gnu --target=arm-linux-gnueabihf --prefix=/cbuild/slaves/oorts/crosstool-ng/builds/arm-linux-gnueabihf-linux/install --with-sysroot=/cbuild/slaves/oorts/crosstool-ng/builds/arm-linux-gnueabihf-linux/install/arm-linux-gnueabihf/libc --enable-languages=c,c++,fortran --disable-multilib --enable-multiarch --with-arch=armv7-a --with-tune=cortex-a9 --with-fpu=vfpv3-d16 --with-float=hard --with-pkgversion='crosstool-NG linaro-1.13.1-4.9-2014.09 - Linaro GCC 4.9-2014.09' --with-bugurl=https://bugs.launchpad.net/gcc-linaro --enable-__cxa_atexit --enable-libmudflap --enable-libgomp --enable-libssp --with-gmp=/cbuild/slaves/oorts/crosstool-ng/builds/arm-linux-gnueabihf-linux/.build/arm-linux-gnueabihf/build/static --with-mpfr=/cbuild/slaves/oorts/crosstool-ng/builds/arm-linux-gnueabihf-linux/.build/arm-linux-gnueabihf/build/static --with-mpc=/cbuild/slaves/oorts/crosstool-ng/builds/arm-linux-gnueabihf-linux/.build/arm-linux-gnueabihf/build/static --with-isl=/cbuild/slaves/oorts/crosstool-ng/builds/arm-linux-gnueabihf-linux/.build/arm-linux-gnueabihf/build/static --with-cloog=/cbuild/slaves/oorts/crosstool-ng/builds/arm-linux-gnueabihf-linux/.build/arm-linux-gnueabihf/build/static --with-libelf=/cbuild/slaves/oorts/crosstool-ng/builds/arm-linux-gnueabihf-linux/.build/arm-linux-gnueabihf/build/static --enable-threads=posix --disable-libstdcxx-pch --enable-linker-build-id --enable-plugin --enable-gold --with-local-prefix=/cbuild/slaves/oorts/crosstool-ng/builds/arm-linux-gnueabihf-linux/install/arm-linux-gnueabihf/libc --enable-c99 --enable-long-long --with-mode=thumb --disable-multilib --with-float=hard]
  ignore line: [Thread model: posix]
  ignore line: [gcc version 4.9.2 20140904 (prerelease) (crosstool-NG linaro-1.13.1-4.9-2014.09 - Linaro GCC 4.9-2014.09) ]
  ignore line: [COMPILER_PATH=/usr/local/arm/4.9.2/bin/../libexec/gcc/arm-linux-gnueabihf/4.9.2/:/usr/local/arm/4.9.2/bin/../libexec/gcc/arm-linux-gnueabihf/:/usr/local/arm/4.9.2/bin/../libexec/gcc/:/usr/local/arm/4.9.2/bin/../lib/gcc/arm-linux-gnueabihf/4.9.2/../../../../arm-linux-gnueabihf/bin/]
  ignore line: [LIBRARY_PATH=/usr/local/arm/4.9.2/bin/../lib/gcc/arm-linux-gnueabihf/4.9.2/:/usr/local/arm/4.9.2/bin/../lib/gcc/arm-linux-gnueabihf/:/usr/local/arm/4.9.2/bin/../lib/gcc/:/usr/local/arm/4.9.2/bin/../lib/gcc/arm-linux-gnueabihf/4.9.2/../../../../arm-linux-gnueabihf/lib/:/usr/local/arm/4.9.2/bin/../arm-linux-gnueabihf/libc/lib/arm-linux-gnueabihf/:/usr/local/arm/4.9.2/bin/../arm-linux-gnueabihf/libc/lib/:/usr/local/arm/4.9.2/bin/../arm-linux-gnueabihf/libc/usr/lib/arm-linux-gnueabihf/:/usr/local/arm/4.9.2/bin/../arm-linux-gnueabihf/libc/usr/lib/]
  ignore line: [COLLECT_GCC_OPTIONS='-mthumb' '-fdata-sections' '-fsigned-char' '-Wno-psabi' '-v' '-o' 'cmTryCompileExec1025893859' '-rdynamic' '-shared-libgcc' '-march=armv7-a' '-mtune=cortex-a9' '-mfloat-abi=hard' '-mfpu=vfpv3-d16' '-mtls-dialect=gnu']
  link line: [ /usr/local/arm/4.9.2/bin/../libexec/gcc/arm-linux-gnueabihf/4.9.2/collect2 --sysroot=/usr/local/arm/4.9.2/bin/../arm-linux-gnueabihf/libc --build-id --eh-frame-hdr -export-dynamic -dynamic-linker /lib/ld-linux-armhf.so.3 -X -m armelf_linux_eabi -o cmTryCompileExec1025893859 /usr/local/arm/4.9.2/bin/../arm-linux-gnueabihf/libc/usr/lib/arm-linux-gnueabihf/crt1.o /usr/local/arm/4.9.2/bin/../arm-linux-gnueabihf/libc/usr/lib/arm-linux-gnueabihf/crti.o /usr/local/arm/4.9.2/bin/../lib/gcc/arm-linux-gnueabihf/4.9.2/crtbegin.o -L/usr/local/arm/4.9.2/bin/../lib/gcc/arm-linux-gnueabihf/4.9.2 -L/usr/local/arm/4.9.2/bin/../lib/gcc/arm-linux-gnueabihf -L/usr/local/arm/4.9.2/bin/../lib/gcc -L/usr/local/arm/4.9.2/bin/../lib/gcc/arm-linux-gnueabihf/4.9.2/../../../../arm-linux-gnueabihf/lib -L/usr/local/arm/4.9.2/bin/../arm-linux-gnueabihf/libc/lib/arm-linux-gnueabihf -L/usr/local/arm/4.9.2/bin/../arm-linux-gnueabihf/libc/lib -L/usr/local/arm/4.9.2/bin/../arm-linux-gnueabihf/libc/usr/lib/arm-linux-gnueabihf -L/usr/local/arm/4.9.2/bin/../arm-linux-gnueabihf/libc/usr/lib CMakeFiles/cmTryCompileExec1025893859.dir/CMakeCXXCompilerABI.cpp.o -lstdc++ -lm -lgcc_s -lgcc -lc -lgcc_s -lgcc /usr/local/arm/4.9.2/bin/../lib/gcc/arm-linux-gnueabihf/4.9.2/crtend.o /usr/local/arm/4.9.2/bin/../arm-linux-gnueabihf/libc/usr/lib/arm-linux-gnueabihf/crtn.o]
    arg [/usr/local/arm/4.9.2/bin/../libexec/gcc/arm-linux-gnueabihf/4.9.2/collect2] ==> ignore
    arg [--sysroot=/usr/local/arm/4.9.2/bin/../arm-linux-gnueabihf/libc] ==> ignore
    arg [--build-id] ==> ignore
    arg [--eh-frame-hdr] ==> ignore
    arg [-export-dynamic] ==> ignore
    arg [-dynamic-linker] ==> ignore
    arg [/lib/ld-linux-armhf.so.3] ==> ignore
    arg [-X] ==> ignore
    arg [-m] ==> ignore
    arg [armelf_linux_eabi] ==> ignore
    arg [-o] ==> ignore
    arg [cmTryCompileExec1025893859] ==> ignore
    arg [/usr/local/arm/4.9.2/bin/../arm-linux-gnueabihf/libc/usr/lib/arm-linux-gnueabihf/crt1.o] ==> ignore
    arg [/usr/local/arm/4.9.2/bin/../arm-linux-gnueabihf/libc/usr/lib/arm-linux-gnueabihf/crti.o] ==> ignore
    arg [/usr/local/arm/4.9.2/bin/../lib/gcc/arm-linux-gnueabihf/4.9.2/crtbegin.o] ==> ignore
    arg [-L/usr/local/arm/4.9.2/bin/../lib/gcc/arm-linux-gnueabihf/4.9.2] ==> dir [/usr/local/arm/4.9.2/bin/../lib/gcc/arm-linux-gnueabihf/4.9.2]
    arg [-L/usr/local/arm/4.9.2/bin/../lib/gcc/arm-linux-gnueabihf] ==> dir [/usr/local/arm/4.9.2/bin/../lib/gcc/arm-linux-gnueabihf]
    arg [-L/usr/local/arm/4.9.2/bin/../lib/gcc] ==> dir [/usr/local/arm/4.9.2/bin/../lib/gcc]
    arg [-L/usr/local/arm/4.9.2/bin/../lib/gcc/arm-linux-gnueabihf/4.9.2/../../../../arm-linux-gnueabihf/lib] ==> dir [/usr/local/arm/4.9.2/bin/../lib/gcc/arm-linux-gnueabihf/4.9.2/../../../../arm-linux-gnueabihf/lib]
    arg [-L/usr/local/arm/4.9.2/bin/../arm-linux-gnueabihf/libc/lib/arm-linux-gnueabihf] ==> dir [/usr/local/arm/4.9.2/bin/../arm-linux-gnueabihf/libc/lib/arm-linux-gnueabihf]
    arg [-L/usr/local/arm/4.9.2/bin/../arm-linux-gnueabihf/libc/lib] ==> dir [/usr/local/arm/4.9.2/bin/../arm-linux-gnueabihf/libc/lib]
    arg [-L/usr/local/arm/4.9.2/bin/../arm-linux-gnueabihf/libc/usr/lib/arm-linux-gnueabihf] ==> dir [/usr/local/arm/4.9.2/bin/../arm-linux-gnueabihf/libc/usr/lib/arm-linux-gnueabihf]
    arg [-L/usr/local/arm/4.9.2/bin/../arm-linux-gnueabihf/libc/usr/lib] ==> dir [/usr/local/arm/4.9.2/bin/../arm-linux-gnueabihf/libc/usr/lib]
    arg [CMakeFiles/cmTryCompileExec1025893859.dir/CMakeCXXCompilerABI.cpp.o] ==> ignore
    arg [-lstdc++] ==> lib [stdc++]
    arg [-lm] ==> lib [m]
    arg [-lgcc_s] ==> lib [gcc_s]
    arg [-lgcc] ==> lib [gcc]
    arg [-lc] ==> lib [c]
    arg [-lgcc_s] ==> lib [gcc_s]
    arg [-lgcc] ==> lib [gcc]
    arg [/usr/local/arm/4.9.2/bin/../lib/gcc/arm-linux-gnueabihf/4.9.2/crtend.o] ==> ignore
    arg [/usr/local/arm/4.9.2/bin/../arm-linux-gnueabihf/libc/usr/lib/arm-linux-gnueabihf/crtn.o] ==> ignore
  remove lib [gcc_s]
  remove lib [gcc]
  remove lib [gcc_s]
  remove lib [gcc]
  collapse library dir [/usr/local/arm/4.9.2/bin/../lib/gcc/arm-linux-gnueabihf/4.9.2] ==> [/usr/local/arm/4.9.2/lib/gcc/arm-linux-gnueabihf/4.9.2]
  collapse library dir [/usr/local/arm/4.9.2/bin/../lib/gcc/arm-linux-gnueabihf] ==> [/usr/local/arm/4.9.2/lib/gcc/arm-linux-gnueabihf]
  collapse library dir [/usr/local/arm/4.9.2/bin/../lib/gcc] ==> [/usr/local/arm/4.9.2/lib/gcc]
  collapse library dir [/usr/local/arm/4.9.2/bin/../lib/gcc/arm-linux-gnueabihf/4.9.2/../../../../arm-linux-gnueabihf/lib] ==> [/usr/local/arm/4.9.2/arm-linux-gnueabihf/lib]
  collapse library dir [/usr/local/arm/4.9.2/bin/../arm-linux-gnueabihf/libc/lib/arm-linux-gnueabihf] ==> [/usr/local/arm/4.9.2/arm-linux-gnueabihf/libc/lib/arm-linux-gnueabihf]
  collapse library dir [/usr/local/arm/4.9.2/bin/../arm-linux-gnueabihf/libc/lib] ==> [/usr/local/arm/4.9.2/arm-linux-gnueabihf/libc/lib]
  collapse library dir [/usr/local/arm/4.9.2/bin/../arm-linux-gnueabihf/libc/usr/lib/arm-linux-gnueabihf] ==> [/usr/local/arm/4.9.2/arm-linux-gnueabihf/libc/usr/lib/arm-linux-gnueabihf]
  collapse library dir [/usr/local/arm/4.9.2/bin/../arm-linux-gnueabihf/libc/usr/lib] ==> [/usr/local/arm/4.9.2/arm-linux-gnueabihf/libc/usr/lib]
  implicit libs: [stdc++;m;c]
  implicit dirs: [/usr/local/arm/4.9.2/lib/gcc/arm-linux-gnueabihf/4.9.2;/usr/local/arm/4.9.2/lib/gcc/arm-linux-gnueabihf;/usr/local/arm/4.9.2/lib/gcc;/usr/local/arm/4.9.2/arm-linux-gnueabihf/lib;/usr/local/arm/4.9.2/arm-linux-gnueabihf/libc/lib/arm-linux-gnueabihf;/usr/local/arm/4.9.2/arm-linux-gnueabihf/libc/lib;/usr/local/arm/4.9.2/arm-linux-gnueabihf/libc/usr/lib/arm-linux-gnueabihf;/usr/local/arm/4.9.2/arm-linux-gnueabihf/libc/usr/lib]
  implicit fwks: []


Determining if the C compiler works passed with the following output:
Change Dir: /home/ryu/workspace/library/opencv/opencv-3.2.0/build/CMakeFiles/CMakeTmp

Run Build Command:/usr/bin/make "cmTryCompileExec2612178837/fast"
/usr/bin/make -f CMakeFiles/cmTryCompileExec2612178837.dir/build.make CMakeFiles/cmTryCompileExec2612178837.dir/build
make[1]: Entering directory `/home/ryu/workspace/library/opencv/opencv-3.2.0/build/CMakeFiles/CMakeTmp'
/usr/bin/cmake -E cmake_progress_report /home/ryu/workspace/library/opencv/opencv-3.2.0/build/CMakeFiles/CMakeTmp/CMakeFiles 1
Building C object CMakeFiles/cmTryCompileExec2612178837.dir/testCCompiler.c.o
/usr/local/arm/4.9.2/bin/arm-linux-gnueabihf-gcc   -mthumb  -fdata-sections -Wa,--noexecstack -fsigned-char -Wno-psabi    -o CMakeFiles/cmTryCompileExec2612178837.dir/testCCompiler.c.o   -c /home/ryu/workspace/library/opencv/opencv-3.2.0/build/CMakeFiles/CMakeTmp/testCCompiler.c
Linking C executable cmTryCompileExec2612178837
/usr/bin/cmake -E cmake_link_script CMakeFiles/cmTryCompileExec2612178837.dir/link.txt --verbose=1
/usr/local/arm/4.9.2/bin/arm-linux-gnueabihf-gcc  -mthumb  -fdata-sections -Wa,--noexecstack -fsigned-char -Wno-psabi     CMakeFiles/cmTryCompileExec2612178837.dir/testCCompiler.c.o  -o cmTryCompileExec2612178837 -rdynamic 
make[1]: Leaving directory `/home/ryu/workspace/library/opencv/opencv-3.2.0/build/CMakeFiles/CMakeTmp'


Detecting C compiler ABI info compiled with the following output:
Change Dir: /home/ryu/workspace/library/opencv/opencv-3.2.0/build/CMakeFiles/CMakeTmp

Run Build Command:/usr/bin/make "cmTryCompileExec2036742694/fast"
/usr/bin/make -f CMakeFiles/cmTryCompileExec2036742694.dir/build.make CMakeFiles/cmTryCompileExec2036742694.dir/build
make[1]: Entering directory `/home/ryu/workspace/library/opencv/opencv-3.2.0/build/CMakeFiles/CMakeTmp'
/usr/bin/cmake -E cmake_progress_report /home/ryu/workspace/library/opencv/opencv-3.2.0/build/CMakeFiles/CMakeTmp/CMakeFiles 1
Building C object CMakeFiles/cmTryCompileExec2036742694.dir/CMakeCCompilerABI.c.o
/usr/local/arm/4.9.2/bin/arm-linux-gnueabihf-gcc   -mthumb  -fdata-sections -Wa,--noexecstack -fsigned-char -Wno-psabi    -o CMakeFiles/cmTryCompileExec2036742694.dir/CMakeCCompilerABI.c.o   -c /usr/share/cmake-2.8/Modules/CMakeCCompilerABI.c
Linking C executable cmTryCompileExec2036742694
/usr/bin/cmake -E cmake_link_script CMakeFiles/cmTryCompileExec2036742694.dir/link.txt --verbose=1
/usr/local/arm/4.9.2/bin/arm-linux-gnueabihf-gcc  -mthumb  -fdata-sections -Wa,--noexecstack -fsigned-char -Wno-psabi   -v CMakeFiles/cmTryCompileExec2036742694.dir/CMakeCCompilerABI.c.o  -o cmTryCompileExec2036742694 -rdynamic  
Using built-in specs.
COLLECT_GCC=/usr/local/arm/4.9.2/bin/arm-linux-gnueabihf-gcc
COLLECT_LTO_WRAPPER=/usr/local/arm/4.9.2/bin/../libexec/gcc/arm-linux-gnueabihf/4.9.2/lto-wrapper
Target: arm-linux-gnueabihf
Configured with: /cbuild/slaves/oorts/crosstool-ng/builds/arm-linux-gnueabihf-linux/.build/src/gcc-linaro-4.9-2014.09/configure --build=i686-build_pc-linux-gnu --host=i686-build_pc-linux-gnu --target=arm-linux-gnueabihf --prefix=/cbuild/slaves/oorts/crosstool-ng/builds/arm-linux-gnueabihf-linux/install --with-sysroot=/cbuild/slaves/oorts/crosstool-ng/builds/arm-linux-gnueabihf-linux/install/arm-linux-gnueabihf/libc --enable-languages=c,c++,fortran --disable-multilib --enable-multiarch --with-arch=armv7-a --with-tune=cortex-a9 --with-fpu=vfpv3-d16 --with-float=hard --with-pkgversion='crosstool-NG linaro-1.13.1-4.9-2014.09 - Linaro GCC 4.9-2014.09' --with-bugurl=https://bugs.launchpad.net/gcc-linaro --enable-__cxa_atexit --enable-libmudflap --enable-libgomp --enable-libssp --with-gmp=/cbuild/slaves/oorts/crosstool-ng/builds/arm-linux-gnueabihf-linux/.build/arm-linux-gnueabihf/build/static --with-mpfr=/cbuild/slaves/oorts/crosstool-ng/builds/arm-linux-gnueabihf-linux/.build/arm-linux-gnueabihf/build/static --with-mpc=/cbuild/slaves/oorts/crosstool-ng/builds/arm-linux-gnueabihf-linux/.build/arm-linux-gnueabihf/build/static --with-isl=/cbuild/slaves/oorts/crosstool-ng/builds/arm-linux-gnueabihf-linux/.build/arm-linux-gnueabihf/build/static --with-cloog=/cbuild/slaves/oorts/crosstool-ng/builds/arm-linux-gnueabihf-linux/.build/arm-linux-gnueabihf/build/static --with-libelf=/cbuild/slaves/oorts/crosstool-ng/builds/arm-linux-gnueabihf-linux/.build/arm-linux-gnueabihf/build/static --enable-threads=posix --disable-libstdcxx-pch --enable-linker-build-id --enable-plugin --enable-gold --with-local-prefix=/cbuild/slaves/oorts/crosstool-ng/builds/arm-linux-gnueabihf-linux/install/arm-linux-gnueabihf/libc --enable-c99 --enable-long-long --with-mode=thumb --disable-multilib --with-float=hard
Thread model: posix
gcc version 4.9.2 20140904 (prerelease) (crosstool-NG linaro-1.13.1-4.9-2014.09 - Linaro GCC 4.9-2014.09) 
COMPILER_PATH=/usr/local/arm/4.9.2/bin/../libexec/gcc/arm-linux-gnueabihf/4.9.2/:/usr/local/arm/4.9.2/bin/../libexec/gcc/arm-linux-gnueabihf/:/usr/local/arm/4.9.2/bin/../libexec/gcc/:/usr/local/arm/4.9.2/bin/../lib/gcc/arm-linux-gnueabihf/4.9.2/../../../../arm-linux-gnueabihf/bin/
LIBRARY_PATH=/usr/local/arm/4.9.2/bin/../lib/gcc/arm-linux-gnueabihf/4.9.2/:/usr/local/arm/4.9.2/bin/../lib/gcc/arm-linux-gnueabihf/:/usr/local/arm/4.9.2/bin/../lib/gcc/:/usr/local/arm/4.9.2/bin/../lib/gcc/arm-linux-gnueabihf/4.9.2/../../../../arm-linux-gnueabihf/lib/:/usr/local/arm/4.9.2/bin/../arm-linux-gnueabihf/libc/lib/arm-linux-gnueabihf/:/usr/local/arm/4.9.2/bin/../arm-linux-gnueabihf/libc/lib/:/usr/local/arm/4.9.2/bin/../arm-linux-gnueabihf/libc/usr/lib/arm-linux-gnueabihf/:/usr/local/arm/4.9.2/bin/../arm-linux-gnueabihf/libc/usr/lib/
COLLECT_GCC_OPTIONS='-mthumb' '-fdata-sections' '-fsigned-char' '-Wno-psabi' '-v' '-o' 'cmTryCompileExec2036742694' '-rdynamic' '-march=armv7-a' '-mtune=cortex-a9' '-mfloat-abi=hard' '-mfpu=vfpv3-d16' '-mtls-dialect=gnu'
 /usr/local/arm/4.9.2/bin/../libexec/gcc/arm-linux-gnueabihf/4.9.2/collect2 --sysroot=/usr/local/arm/4.9.2/bin/../arm-linux-gnueabihf/libc --build-id --eh-frame-hdr -export-dynamic -dynamic-linker /lib/ld-linux-armhf.so.3 -X -m armelf_linux_eabi -o cmTryCompileExec2036742694 /usr/local/arm/4.9.2/bin/../arm-linux-gnueabihf/libc/usr/lib/arm-linux-gnueabihf/crt1.o /usr/local/arm/4.9.2/bin/../arm-linux-gnueabihf/libc/usr/lib/arm-linux-gnueabihf/crti.o /usr/local/arm/4.9.2/bin/../lib/gcc/arm-linux-gnueabihf/4.9.2/crtbegin.o -L/usr/local/arm/4.9.2/bin/../lib/gcc/arm-linux-gnueabihf/4.9.2 -L/usr/local/arm/4.9.2/bin/../lib/gcc/arm-linux-gnueabihf -L/usr/local/arm/4.9.2/bin/../lib/gcc -L/usr/local/arm/4.9.2/bin/../lib/gcc/arm-linux-gnueabihf/4.9.2/../../../../arm-linux-gnueabihf/lib -L/usr/local/arm/4.9.2/bin/../arm-linux-gnueabihf/libc/lib/arm-linux-gnueabihf -L/usr/local/arm/4.9.2/bin/../arm-linux-gnueabihf/libc/lib -L/usr/local/arm/4.9.2/bin/../arm-linux-gnueabihf/libc/usr/lib/arm-linux-gnueabihf -L/usr/local/arm/4.9.2/bin/../arm-linux-gnueabihf/libc/usr/lib CMakeFiles/cmTryCompileExec2036742694.dir/CMakeCCompilerABI.c.o -lgcc --as-needed -lgcc_s --no-as-needed -lc -lgcc --as-needed -lgcc_s --no-as-needed /usr/local/arm/4.9.2/bin/../lib/gcc/arm-linux-gnueabihf/4.9.2/crtend.o /usr/local/arm/4.9.2/bin/../arm-linux-gnueabihf/libc/usr/lib/arm-linux-gnueabihf/crtn.o
make[1]: Leaving directory `/home/ryu/workspace/library/opencv/opencv-3.2.0/build/CMakeFiles/CMakeTmp'


Parsed C implicit link information from above output:
  link line regex: [^( *|.*[/\])(arm-linux-gnueabihf-ld|([^/\]+-)?ld|collect2)[^/\]*( |$)]
  ignore line: [Change Dir: /home/ryu/workspace/library/opencv/opencv-3.2.0/build/CMakeFiles/CMakeTmp]
  ignore line: []
  ignore line: [Run Build Command:/usr/bin/make "cmTryCompileExec2036742694/fast"]
  ignore line: [/usr/bin/make -f CMakeFiles/cmTryCompileExec2036742694.dir/build.make CMakeFiles/cmTryCompileExec2036742694.dir/build]
  ignore line: [make[1]: Entering directory `/home/ryu/workspace/library/opencv/opencv-3.2.0/build/CMakeFiles/CMakeTmp']
  ignore line: [/usr/bin/cmake -E cmake_progress_report /home/ryu/workspace/library/opencv/opencv-3.2.0/build/CMakeFiles/CMakeTmp/CMakeFiles 1]
  ignore line: [Building C object CMakeFiles/cmTryCompileExec2036742694.dir/CMakeCCompilerABI.c.o]
  ignore line: [/usr/local/arm/4.9.2/bin/arm-linux-gnueabihf-gcc   -mthumb  -fdata-sections -Wa,--noexecstack -fsigned-char -Wno-psabi    -o CMakeFiles/cmTryCompileExec2036742694.dir/CMakeCCompilerABI.c.o   -c /usr/share/cmake-2.8/Modules/CMakeCCompilerABI.c]
  ignore line: [Linking C executable cmTryCompileExec2036742694]
  ignore line: [/usr/bin/cmake -E cmake_link_script CMakeFiles/cmTryCompileExec2036742694.dir/link.txt --verbose=1]
  ignore line: [/usr/local/arm/4.9.2/bin/arm-linux-gnueabihf-gcc  -mthumb  -fdata-sections -Wa,--noexecstack -fsigned-char -Wno-psabi   -v CMakeFiles/cmTryCompileExec2036742694.dir/CMakeCCompilerABI.c.o  -o cmTryCompileExec2036742694 -rdynamic  ]
  ignore line: [Using built-in specs.]
  ignore line: [COLLECT_GCC=/usr/local/arm/4.9.2/bin/arm-linux-gnueabihf-gcc]
  ignore line: [COLLECT_LTO_WRAPPER=/usr/local/arm/4.9.2/bin/../libexec/gcc/arm-linux-gnueabihf/4.9.2/lto-wrapper]
  ignore line: [Target: arm-linux-gnueabihf]
  ignore line: [Configured with: /cbuild/slaves/oorts/crosstool-ng/builds/arm-linux-gnueabihf-linux/.build/src/gcc-linaro-4.9-2014.09/configure --build=i686-build_pc-linux-gnu --host=i686-build_pc-linux-gnu --target=arm-linux-gnueabihf --prefix=/cbuild/slaves/oorts/crosstool-ng/builds/arm-linux-gnueabihf-linux/install --with-sysroot=/cbuild/slaves/oorts/crosstool-ng/builds/arm-linux-gnueabihf-linux/install/arm-linux-gnueabihf/libc --enable-languages=c,c++,fortran --disable-multilib --enable-multiarch --with-arch=armv7-a --with-tune=cortex-a9 --with-fpu=vfpv3-d16 --with-float=hard --with-pkgversion='crosstool-NG linaro-1.13.1-4.9-2014.09 - Linaro GCC 4.9-2014.09' --with-bugurl=https://bugs.launchpad.net/gcc-linaro --enable-__cxa_atexit --enable-libmudflap --enable-libgomp --enable-libssp --with-gmp=/cbuild/slaves/oorts/crosstool-ng/builds/arm-linux-gnueabihf-linux/.build/arm-linux-gnueabihf/build/static --with-mpfr=/cbuild/slaves/oorts/crosstool-ng/builds/arm-linux-gnueabihf-linux/.build/arm-linux-gnueabihf/build/static --with-mpc=/cbuild/slaves/oorts/crosstool-ng/builds/arm-linux-gnueabihf-linux/.build/arm-linux-gnueabihf/build/static --with-isl=/cbuild/slaves/oorts/crosstool-ng/builds/arm-linux-gnueabihf-linux/.build/arm-linux-gnueabihf/build/static --with-cloog=/cbuild/slaves/oorts/crosstool-ng/builds/arm-linux-gnueabihf-linux/.build/arm-linux-gnueabihf/build/static --with-libelf=/cbuild/slaves/oorts/crosstool-ng/builds/arm-linux-gnueabihf-linux/.build/arm-linux-gnueabihf/build/static --enable-threads=posix --disable-libstdcxx-pch --enable-linker-build-id --enable-plugin --enable-gold --with-local-prefix=/cbuild/slaves/oorts/crosstool-ng/builds/arm-linux-gnueabihf-linux/install/arm-linux-gnueabihf/libc --enable-c99 --enable-long-long --with-mode=thumb --disable-multilib --with-float=hard]
  ignore line: [Thread model: posix]
  ignore line: [gcc version 4.9.2 20140904 (prerelease) (crosstool-NG linaro-1.13.1-4.9-2014.09 - Linaro GCC 4.9-2014.09) ]
  ignore line: [COMPILER_PATH=/usr/local/arm/4.9.2/bin/../libexec/gcc/arm-linux-gnueabihf/4.9.2/:/usr/local/arm/4.9.2/bin/../libexec/gcc/arm-linux-gnueabihf/:/usr/local/arm/4.9.2/bin/../libexec/gcc/:/usr/local/arm/4.9.2/bin/../lib/gcc/arm-linux-gnueabihf/4.9.2/../../../../arm-linux-gnueabihf/bin/]
  ignore line: [LIBRARY_PATH=/usr/local/arm/4.9.2/bin/../lib/gcc/arm-linux-gnueabihf/4.9.2/:/usr/local/arm/4.9.2/bin/../lib/gcc/arm-linux-gnueabihf/:/usr/local/arm/4.9.2/bin/../lib/gcc/:/usr/local/arm/4.9.2/bin/../lib/gcc/arm-linux-gnueabihf/4.9.2/../../../../arm-linux-gnueabihf/lib/:/usr/local/arm/4.9.2/bin/../arm-linux-gnueabihf/libc/lib/arm-linux-gnueabihf/:/usr/local/arm/4.9.2/bin/../arm-linux-gnueabihf/libc/lib/:/usr/local/arm/4.9.2/bin/../arm-linux-gnueabihf/libc/usr/lib/arm-linux-gnueabihf/:/usr/local/arm/4.9.2/bin/../arm-linux-gnueabihf/libc/usr/lib/]
  ignore line: [COLLECT_GCC_OPTIONS='-mthumb' '-fdata-sections' '-fsigned-char' '-Wno-psabi' '-v' '-o' 'cmTryCompileExec2036742694' '-rdynamic' '-march=armv7-a' '-mtune=cortex-a9' '-mfloat-abi=hard' '-mfpu=vfpv3-d16' '-mtls-dialect=gnu']
  link line: [ /usr/local/arm/4.9.2/bin/../libexec/gcc/arm-linux-gnueabihf/4.9.2/collect2 --sysroot=/usr/local/arm/4.9.2/bin/../arm-linux-gnueabihf/libc --build-id --eh-frame-hdr -export-dynamic -dynamic-linker /lib/ld-linux-armhf.so.3 -X -m armelf_linux_eabi -o cmTryCompileExec2036742694 /usr/local/arm/4.9.2/bin/../arm-linux-gnueabihf/libc/usr/lib/arm-linux-gnueabihf/crt1.o /usr/local/arm/4.9.2/bin/../arm-linux-gnueabihf/libc/usr/lib/arm-linux-gnueabihf/crti.o /usr/local/arm/4.9.2/bin/../lib/gcc/arm-linux-gnueabihf/4.9.2/crtbegin.o -L/usr/local/arm/4.9.2/bin/../lib/gcc/arm-linux-gnueabihf/4.9.2 -L/usr/local/arm/4.9.2/bin/../lib/gcc/arm-linux-gnueabihf -L/usr/local/arm/4.9.2/bin/../lib/gcc -L/usr/local/arm/4.9.2/bin/../lib/gcc/arm-linux-gnueabihf/4.9.2/../../../../arm-linux-gnueabihf/lib -L/usr/local/arm/4.9.2/bin/../arm-linux-gnueabihf/libc/lib/arm-linux-gnueabihf -L/usr/local/arm/4.9.2/bin/../arm-linux-gnueabihf/libc/lib -L/usr/local/arm/4.9.2/bin/../arm-linux-gnueabihf/libc/usr/lib/arm-linux-gnueabihf -L/usr/local/arm/4.9.2/bin/../arm-linux-gnueabihf/libc/usr/lib CMakeFiles/cmTryCompileExec2036742694.dir/CMakeCCompilerABI.c.o -lgcc --as-needed -lgcc_s --no-as-needed -lc -lgcc --as-needed -lgcc_s --no-as-needed /usr/local/arm/4.9.2/bin/../lib/gcc/arm-linux-gnueabihf/4.9.2/crtend.o /usr/local/arm/4.9.2/bin/../arm-linux-gnueabihf/libc/usr/lib/arm-linux-gnueabihf/crtn.o]
    arg [/usr/local/arm/4.9.2/bin/../libexec/gcc/arm-linux-gnueabihf/4.9.2/collect2] ==> ignore
    arg [--sysroot=/usr/local/arm/4.9.2/bin/../arm-linux-gnueabihf/libc] ==> ignore
    arg [--build-id] ==> ignore
    arg [--eh-frame-hdr] ==> ignore
    arg [-export-dynamic] ==> ignore
    arg [-dynamic-linker] ==> ignore
    arg [/lib/ld-linux-armhf.so.3] ==> ignore
    arg [-X] ==> ignore
    arg [-m] ==> ignore
    arg [armelf_linux_eabi] ==> ignore
    arg [-o] ==> ignore
    arg [cmTryCompileExec2036742694] ==> ignore
    arg [/usr/local/arm/4.9.2/bin/../arm-linux-gnueabihf/libc/usr/lib/arm-linux-gnueabihf/crt1.o] ==> ignore
    arg [/usr/local/arm/4.9.2/bin/../arm-linux-gnueabihf/libc/usr/lib/arm-linux-gnueabihf/crti.o] ==> ignore
    arg [/usr/local/arm/4.9.2/bin/../lib/gcc/arm-linux-gnueabihf/4.9.2/crtbegin.o] ==> ignore
    arg [-L/usr/local/arm/4.9.2/bin/../lib/gcc/arm-linux-gnueabihf/4.9.2] ==> dir [/usr/local/arm/4.9.2/bin/../lib/gcc/arm-linux-gnueabihf/4.9.2]
    arg [-L/usr/local/arm/4.9.2/bin/../lib/gcc/arm-linux-gnueabihf] ==> dir [/usr/local/arm/4.9.2/bin/../lib/gcc/arm-linux-gnueabihf]
    arg [-L/usr/local/arm/4.9.2/bin/../lib/gcc] ==> dir [/usr/local/arm/4.9.2/bin/../lib/gcc]
    arg [-L/usr/local/arm/4.9.2/bin/../lib/gcc/arm-linux-gnueabihf/4.9.2/../../../../arm-linux-gnueabihf/lib] ==> dir [/usr/local/arm/4.9.2/bin/../lib/gcc/arm-linux-gnueabihf/4.9.2/../../../../arm-linux-gnueabihf/lib]
    arg [-L/usr/local/arm/4.9.2/bin/../arm-linux-gnueabihf/libc/lib/arm-linux-gnueabihf] ==> dir [/usr/local/arm/4.9.2/bin/../arm-linux-gnueabihf/libc/lib/arm-linux-gnueabihf]
    arg [-L/usr/local/arm/4.9.2/bin/../arm-linux-gnueabihf/libc/lib] ==> dir [/usr/local/arm/4.9.2/bin/../arm-linux-gnueabihf/libc/lib]
    arg [-L/usr/local/arm/4.9.2/bin/../arm-linux-gnueabihf/libc/usr/lib/arm-linux-gnueabihf] ==> dir [/usr/local/arm/4.9.2/bin/../arm-linux-gnueabihf/libc/usr/lib/arm-linux-gnueabihf]
    arg [-L/usr/local/arm/4.9.2/bin/../arm-linux-gnueabihf/libc/usr/lib] ==> dir [/usr/local/arm/4.9.2/bin/../arm-linux-gnueabihf/libc/usr/lib]
    arg [CMakeFiles/cmTryCompileExec2036742694.dir/CMakeCCompilerABI.c.o] ==> ignore
    arg [-lgcc] ==> lib [gcc]
    arg [--as-needed] ==> ignore
    arg [-lgcc_s] ==> lib [gcc_s]
    arg [--no-as-needed] ==> ignore
    arg [-lc] ==> lib [c]
    arg [-lgcc] ==> lib [gcc]
    arg [--as-needed] ==> ignore
    arg [-lgcc_s] ==> lib [gcc_s]
    arg [--no-as-needed] ==> ignore
    arg [/usr/local/arm/4.9.2/bin/../lib/gcc/arm-linux-gnueabihf/4.9.2/crtend.o] ==> ignore
    arg [/usr/local/arm/4.9.2/bin/../arm-linux-gnueabihf/libc/usr/lib/arm-linux-gnueabihf/crtn.o] ==> ignore
  remove lib [gcc]
  remove lib [gcc_s]
  remove lib [gcc]
  remove lib [gcc_s]
  collapse library dir [/usr/local/arm/4.9.2/bin/../lib/gcc/arm-linux-gnueabihf/4.9.2] ==> [/usr/local/arm/4.9.2/lib/gcc/arm-linux-gnueabihf/4.9.2]
  collapse library dir [/usr/local/arm/4.9.2/bin/../lib/gcc/arm-linux-gnueabihf] ==> [/usr/local/arm/4.9.2/lib/gcc/arm-linux-gnueabihf]
  collapse library dir [/usr/local/arm/4.9.2/bin/../lib/gcc] ==> [/usr/local/arm/4.9.2/lib/gcc]
  collapse library dir [/usr/local/arm/4.9.2/bin/../lib/gcc/arm-linux-gnueabihf/4.9.2/../../../../arm-linux-gnueabihf/lib] ==> [/usr/local/arm/4.9.2/arm-linux-gnueabihf/lib]
  collapse library dir [/usr/local/arm/4.9.2/bin/../arm-linux-gnueabihf/libc/lib/arm-linux-gnueabihf] ==> [/usr/local/arm/4.9.2/arm-linux-gnueabihf/libc/lib/arm-linux-gnueabihf]
  collapse library dir [/usr/local/arm/4.9.2/bin/../arm-linux-gnueabihf/libc/lib] ==> [/usr/local/arm/4.9.2/arm-linux-gnueabihf/libc/lib]
  collapse library dir [/usr/local/arm/4.9.2/bin/../arm-linux-gnueabihf/libc/usr/lib/arm-linux-gnueabihf] ==> [/usr/local/arm/4.9.2/arm-linux-gnueabihf/libc/usr/lib/arm-linux-gnueabihf]
  collapse library dir [/usr/local/arm/4.9.2/bin/../arm-linux-gnueabihf/libc/usr/lib] ==> [/usr/local/arm/4.9.2/arm-linux-gnueabihf/libc/usr/lib]
  implicit libs: [c]
  implicit dirs: [/usr/local/arm/4.9.2/lib/gcc/arm-linux-gnueabihf/4.9.2;/usr/local/arm/4.9.2/lib/gcc/arm-linux-gnueabihf;/usr/local/arm/4.9.2/lib/gcc;/usr/local/arm/4.9.2/arm-linux-gnueabihf/lib;/usr/local/arm/4.9.2/arm-linux-gnueabihf/libc/lib/arm-linux-gnueabihf;/usr/local/arm/4.9.2/arm-linux-gnueabihf/libc/lib;/usr/local/arm/4.9.2/arm-linux-gnueabihf/libc/usr/lib/arm-linux-gnueabihf;/usr/local/arm/4.9.2/arm-linux-gnueabihf/libc/usr/lib]
  implicit fwks: []


Determining if the include file pthread.h exists passed with the following output:
Change Dir: /home/ryu/workspace/library/opencv/opencv-3.2.0/build/CMakeFiles/CMakeTmp

Run Build Command:/usr/bin/make "cmTryCompileExec2056894420/fast"
/usr/bin/make -f CMakeFiles/cmTryCompileExec2056894420.dir/build.make CMakeFiles/cmTryCompileExec2056894420.dir/build
make[1]: Entering directory `/home/ryu/workspace/library/opencv/opencv-3.2.0/build/CMakeFiles/CMakeTmp'
/usr/bin/cmake -E cmake_progress_report /home/ryu/workspace/library/opencv/opencv-3.2.0/build/CMakeFiles/CMakeTmp/CMakeFiles 1
Building C object CMakeFiles/cmTryCompileExec2056894420.dir/CheckIncludeFile.c.o
/usr/local/arm/4.9.2/bin/arm-linux-gnueabihf-gcc   -mthumb  -fdata-sections -Wa,--noexecstack -fsigned-char -Wno-psabi   -fsigned-char -W -Wall -Werror=return-type -Werror=non-virtual-dtor -Werror=address -Werror=sequence-point -Wformat -Werror=format-security -Wmissing-declarations -Wmissing-prototypes -Wstrict-prototypes -Wundef -Winit-self -Wpointer-arith -Wshadow -Wno-narrowing -Wno-comment -fdiagnostics-show-option -pthread -fomit-frame-pointer -mfp16-format=ieee -mfpu=neon -ffunction-sections -fvisibility=hidden -mfpu=neon-fp16  -O3 -DNDEBUG   -o CMakeFiles/cmTryCompileExec2056894420.dir/CheckIncludeFile.c.o   -c /home/ryu/workspace/library/opencv/opencv-3.2.0/build/CMakeFiles/CMakeTmp/CheckIncludeFile.c
Linking C executable cmTryCompileExec2056894420
/usr/bin/cmake -E cmake_link_script CMakeFiles/cmTryCompileExec2056894420.dir/link.txt --verbose=1
/usr/local/arm/4.9.2/bin/arm-linux-gnueabihf-gcc  -mthumb  -fdata-sections -Wa,--noexecstack -fsigned-char -Wno-psabi   -fsigned-char -W -Wall -Werror=return-type -Werror=non-virtual-dtor -Werror=address -Werror=sequence-point -Wformat -Werror=format-security -Wmissing-declarations -Wmissing-prototypes -Wstrict-prototypes -Wundef -Winit-self -Wpointer-arith -Wshadow -Wno-narrowing -Wno-comment -fdiagnostics-show-option -pthread -fomit-frame-pointer -mfp16-format=ieee -mfpu=neon -ffunction-sections -fvisibility=hidden -mfpu=neon-fp16  -O3 -DNDEBUG    CMakeFiles/cmTryCompileExec2056894420.dir/CheckIncludeFile.c.o  -o cmTryCompileExec2056894420 -rdynamic 
make[1]: Leaving directory `/home/ryu/workspace/library/opencv/opencv-3.2.0/build/CMakeFiles/CMakeTmp'


Determining if the include file sys/types.h exists passed with the following output:
Change Dir: /home/ryu/workspace/library/opencv/opencv-3.2.0/build/CMakeFiles/CMakeTmp

Run Build Command:/usr/bin/make "cmTryCompileExec2310991772/fast"
/usr/bin/make -f CMakeFiles/cmTryCompileExec2310991772.dir/build.make CMakeFiles/cmTryCompileExec2310991772.dir/build
make[1]: Entering directory `/home/ryu/workspace/library/opencv/opencv-3.2.0/build/CMakeFiles/CMakeTmp'
/usr/bin/cmake -E cmake_progress_report /home/ryu/workspace/library/opencv/opencv-3.2.0/build/CMakeFiles/CMakeTmp/CMakeFiles 1
Building C object CMakeFiles/cmTryCompileExec2310991772.dir/CheckIncludeFile.c.o
/usr/local/arm/4.9.2/bin/arm-linux-gnueabihf-gcc   -mthumb  -fdata-sections -Wa,--noexecstack -fsigned-char -Wno-psabi   -fsigned-char -W -Wall -Werror=return-type -Werror=non-virtual-dtor -Werror=address -Werror=sequence-point -Wformat -Werror=format-security -Wmissing-declarations -Wmissing-prototypes -Wstrict-prototypes -Wundef -Winit-self -Wpointer-arith -Wshadow -Wno-narrowing -Wno-comment -fdiagnostics-show-option -pthread -fomit-frame-pointer -mfp16-format=ieee -mfpu=neon -ffunction-sections -fvisibility=hidden -mfpu=neon-fp16  -O3 -DNDEBUG   -o CMakeFiles/cmTryCompileExec2310991772.dir/CheckIncludeFile.c.o   -c /home/ryu/workspace/library/opencv/opencv-3.2.0/build/CMakeFiles/CMakeTmp/CheckIncludeFile.c
Linking C executable cmTryCompileExec2310991772
/usr/bin/cmake -E cmake_link_script CMakeFiles/cmTryCompileExec2310991772.dir/link.txt --verbose=1
/usr/local/arm/4.9.2/bin/arm-linux-gnueabihf-gcc  -mthumb  -fdata-sections -Wa,--noexecstack -fsigned-char -Wno-psabi   -fsigned-char -W -Wall -Werror=return-type -Werror=non-virtual-dtor -Werror=address -Werror=sequence-point -Wformat -Werror=format-security -Wmissing-declarations -Wmissing-prototypes -Wstrict-prototypes -Wundef -Winit-self -Wpointer-arith -Wshadow -Wno-narrowing -Wno-comment -fdiagnostics-show-option -pthread -fomit-frame-pointer -mfp16-format=ieee -mfpu=neon -ffunction-sections -fvisibility=hidden -mfpu=neon-fp16  -O3 -DNDEBUG    CMakeFiles/cmTryCompileExec2310991772.dir/CheckIncludeFile.c.o  -o cmTryCompileExec2310991772 -rdynamic 
make[1]: Leaving directory `/home/ryu/workspace/library/opencv/opencv-3.2.0/build/CMakeFiles/CMakeTmp'


Determining if the include file stdint.h exists passed with the following output:
Change Dir: /home/ryu/workspace/library/opencv/opencv-3.2.0/build/CMakeFiles/CMakeTmp

Run Build Command:/usr/bin/make "cmTryCompileExec549230664/fast"
/usr/bin/make -f CMakeFiles/cmTryCompileExec549230664.dir/build.make CMakeFiles/cmTryCompileExec549230664.dir/build
make[1]: Entering directory `/home/ryu/workspace/library/opencv/opencv-3.2.0/build/CMakeFiles/CMakeTmp'
/usr/bin/cmake -E cmake_progress_report /home/ryu/workspace/library/opencv/opencv-3.2.0/build/CMakeFiles/CMakeTmp/CMakeFiles 1
Building C object CMakeFiles/cmTryCompileExec549230664.dir/CheckIncludeFile.c.o
/usr/local/arm/4.9.2/bin/arm-linux-gnueabihf-gcc   -mthumb  -fdata-sections -Wa,--noexecstack -fsigned-char -Wno-psabi   -fsigned-char -W -Wall -Werror=return-type -Werror=non-virtual-dtor -Werror=address -Werror=sequence-point -Wformat -Werror=format-security -Wmissing-declarations -Wmissing-prototypes -Wstrict-prototypes -Wundef -Winit-self -Wpointer-arith -Wshadow -Wno-narrowing -Wno-comment -fdiagnostics-show-option -pthread -fomit-frame-pointer -mfp16-format=ieee -mfpu=neon -ffunction-sections -fvisibility=hidden -mfpu=neon-fp16  -O3 -DNDEBUG   -o CMakeFiles/cmTryCompileExec549230664.dir/CheckIncludeFile.c.o   -c /home/ryu/workspace/library/opencv/opencv-3.2.0/build/CMakeFiles/CMakeTmp/CheckIncludeFile.c
Linking C executable cmTryCompileExec549230664
/usr/bin/cmake -E cmake_link_script CMakeFiles/cmTryCompileExec549230664.dir/link.txt --verbose=1
/usr/local/arm/4.9.2/bin/arm-linux-gnueabihf-gcc  -mthumb  -fdata-sections -Wa,--noexecstack -fsigned-char -Wno-psabi   -fsigned-char -W -Wall -Werror=return-type -Werror=non-virtual-dtor -Werror=address -Werror=sequence-point -Wformat -Werror=format-security -Wmissing-declarations -Wmissing-prototypes -Wstrict-prototypes -Wundef -Winit-self -Wpointer-arith -Wshadow -Wno-narrowing -Wno-comment -fdiagnostics-show-option -pthread -fomit-frame-pointer -mfp16-format=ieee -mfpu=neon -ffunction-sections -fvisibility=hidden -mfpu=neon-fp16  -O3 -DNDEBUG    CMakeFiles/cmTryCompileExec549230664.dir/CheckIncludeFile.c.o  -o cmTryCompileExec549230664 -rdynamic 
make[1]: Leaving directory `/home/ryu/workspace/library/opencv/opencv-3.2.0/build/CMakeFiles/CMakeTmp'


Determining if the include file stddef.h exists passed with the following output:
Change Dir: /home/ryu/workspace/library/opencv/opencv-3.2.0/build/CMakeFiles/CMakeTmp

Run Build Command:/usr/bin/make "cmTryCompileExec1932589480/fast"
/usr/bin/make -f CMakeFiles/cmTryCompileExec1932589480.dir/build.make CMakeFiles/cmTryCompileExec1932589480.dir/build
make[1]: Entering directory `/home/ryu/workspace/library/opencv/opencv-3.2.0/build/CMakeFiles/CMakeTmp'
/usr/bin/cmake -E cmake_progress_report /home/ryu/workspace/library/opencv/opencv-3.2.0/build/CMakeFiles/CMakeTmp/CMakeFiles 1
Building C object CMakeFiles/cmTryCompileExec1932589480.dir/CheckIncludeFile.c.o
/usr/local/arm/4.9.2/bin/arm-linux-gnueabihf-gcc   -mthumb  -fdata-sections -Wa,--noexecstack -fsigned-char -Wno-psabi   -fsigned-char -W -Wall -Werror=return-type -Werror=non-virtual-dtor -Werror=address -Werror=sequence-point -Wformat -Werror=format-security -Wmissing-declarations -Wmissing-prototypes -Wstrict-prototypes -Wundef -Winit-self -Wpointer-arith -Wshadow -Wno-narrowing -Wno-comment -fdiagnostics-show-option -pthread -fomit-frame-pointer -mfp16-format=ieee -mfpu=neon -ffunction-sections -fvisibility=hidden -mfpu=neon-fp16  -O3 -DNDEBUG   -o CMakeFiles/cmTryCompileExec1932589480.dir/CheckIncludeFile.c.o   -c /home/ryu/workspace/library/opencv/opencv-3.2.0/build/CMakeFiles/CMakeTmp/CheckIncludeFile.c
Linking C executable cmTryCompileExec1932589480
/usr/bin/cmake -E cmake_link_script CMakeFiles/cmTryCompileExec1932589480.dir/link.txt --verbose=1
/usr/local/arm/4.9.2/bin/arm-linux-gnueabihf-gcc  -mthumb  -fdata-sections -Wa,--noexecstack -fsigned-char -Wno-psabi   -fsigned-char -W -Wall -Werror=return-type -Werror=non-virtual-dtor -Werror=address -Werror=sequence-point -Wformat -Werror=format-security -Wmissing-declarations -Wmissing-prototypes -Wstrict-prototypes -Wundef -Winit-self -Wpointer-arith -Wshadow -Wno-narrowing -Wno-comment -fdiagnostics-show-option -pthread -fomit-frame-pointer -mfp16-format=ieee -mfpu=neon -ffunction-sections -fvisibility=hidden -mfpu=neon-fp16  -O3 -DNDEBUG    CMakeFiles/cmTryCompileExec1932589480.dir/CheckIncludeFile.c.o  -o cmTryCompileExec1932589480 -rdynamic 
make[1]: Leaving directory `/home/ryu/workspace/library/opencv/opencv-3.2.0/build/CMakeFiles/CMakeTmp'


Determining size of unsigned short passed with the following output:
Change Dir: /home/ryu/workspace/library/opencv/opencv-3.2.0/build/CMakeFiles/CMakeTmp

Run Build Command:/usr/bin/make "cmTryCompileExec2850499631/fast"
/usr/bin/make -f CMakeFiles/cmTryCompileExec2850499631.dir/build.make CMakeFiles/cmTryCompileExec2850499631.dir/build
make[1]: Entering directory `/home/ryu/workspace/library/opencv/opencv-3.2.0/build/CMakeFiles/CMakeTmp'
/usr/bin/cmake -E cmake_progress_report /home/ryu/workspace/library/opencv/opencv-3.2.0/build/CMakeFiles/CMakeTmp/CMakeFiles 1
Building C object CMakeFiles/cmTryCompileExec2850499631.dir/CMAKE_SIZEOF_UNSIGNED_SHORT.c.o
/usr/local/arm/4.9.2/bin/arm-linux-gnueabihf-gcc   -mthumb  -fdata-sections -Wa,--noexecstack -fsigned-char -Wno-psabi   -fsigned-char -W -Wall -Werror=return-type -Werror=non-virtual-dtor -Werror=address -Werror=sequence-point -Wformat -Werror=format-security -Wmissing-declarations -Wmissing-prototypes -Wstrict-prototypes -Wundef -Winit-self -Wpointer-arith -Wshadow -Wno-narrowing -Wno-comment -fdiagnostics-show-option -pthread -fomit-frame-pointer -mfp16-format=ieee -mfpu=neon -ffunction-sections -fvisibility=hidden -mfpu=neon-fp16  -O3 -DNDEBUG   -o CMakeFiles/cmTryCompileExec2850499631.dir/CMAKE_SIZEOF_UNSIGNED_SHORT.c.o   -c /home/ryu/workspace/library/opencv/opencv-3.2.0/build/CMakeFiles/CheckTypeSize/CMAKE_SIZEOF_UNSIGNED_SHORT.c
Linking C executable cmTryCompileExec2850499631
/usr/bin/cmake -E cmake_link_script CMakeFiles/cmTryCompileExec2850499631.dir/link.txt --verbose=1
/usr/local/arm/4.9.2/bin/arm-linux-gnueabihf-gcc  -mthumb  -fdata-sections -Wa,--noexecstack -fsigned-char -Wno-psabi   -fsigned-char -W -Wall -Werror=return-type -Werror=non-virtual-dtor -Werror=address -Werror=sequence-point -Wformat -Werror=format-security -Wmissing-declarations -Wmissing-prototypes -Wstrict-prototypes -Wundef -Winit-self -Wpointer-arith -Wshadow -Wno-narrowing -Wno-comment -fdiagnostics-show-option -pthread -fomit-frame-pointer -mfp16-format=ieee -mfpu=neon -ffunction-sections -fvisibility=hidden -mfpu=neon-fp16  -O3 -DNDEBUG    CMakeFiles/cmTryCompileExec2850499631.dir/CMAKE_SIZEOF_UNSIGNED_SHORT.c.o  -o cmTryCompileExec2850499631 -rdynamic 
make[1]: Leaving directory `/home/ryu/workspace/library/opencv/opencv-3.2.0/build/CMakeFiles/CMakeTmp'


Determining if the function fseeko exists passed with the following output:
Change Dir: /home/ryu/workspace/library/opencv/opencv-3.2.0/build/CMakeFiles/CMakeTmp

Run Build Command:/usr/bin/make "cmTryCompileExec3880357961/fast"
/usr/bin/make -f CMakeFiles/cmTryCompileExec3880357961.dir/build.make CMakeFiles/cmTryCompileExec3880357961.dir/build
make[1]: Entering directory `/home/ryu/workspace/library/opencv/opencv-3.2.0/build/CMakeFiles/CMakeTmp'
/usr/bin/cmake -E cmake_progress_report /home/ryu/workspace/library/opencv/opencv-3.2.0/build/CMakeFiles/CMakeTmp/CMakeFiles 1
Building C object CMakeFiles/cmTryCompileExec3880357961.dir/CheckFunctionExists.c.o
/usr/local/arm/4.9.2/bin/arm-linux-gnueabihf-gcc   -mthumb  -fdata-sections -Wa,--noexecstack -fsigned-char -Wno-psabi   -fsigned-char -W -Wall -Werror=return-type -Werror=non-virtual-dtor -Werror=address -Werror=sequence-point -Wformat -Werror=format-security -Wmissing-declarations -Wmissing-prototypes -Wstrict-prototypes -Wundef -Winit-self -Wpointer-arith -Wshadow -Wno-narrowing -Wno-comment -fdiagnostics-show-option -pthread -fomit-frame-pointer -mfp16-format=ieee -mfpu=neon -ffunction-sections -fvisibility=hidden -mfpu=neon-fp16 -DCHECK_FUNCTION_EXISTS=fseeko -O3 -DNDEBUG   -o CMakeFiles/cmTryCompileExec3880357961.dir/CheckFunctionExists.c.o   -c /usr/share/cmake-2.8/Modules/CheckFunctionExists.c
/usr/share/cmake-2.8/Modules/CheckFunctionExists.c:3:1: warning: function declaration isnt a prototype [-Wstrict-prototypes]
 char CHECK_FUNCTION_EXISTS();
 ^
Linking C executable cmTryCompileExec3880357961
/usr/bin/cmake -E cmake_link_script CMakeFiles/cmTryCompileExec3880357961.dir/link.txt --verbose=1
/usr/local/arm/4.9.2/bin/arm-linux-gnueabihf-gcc  -mthumb  -fdata-sections -Wa,--noexecstack -fsigned-char -Wno-psabi   -fsigned-char -W -Wall -Werror=return-type -Werror=non-virtual-dtor -Werror=address -Werror=sequence-point -Wformat -Werror=format-security -Wmissing-declarations -Wmissing-prototypes -Wstrict-prototypes -Wundef -Winit-self -Wpointer-arith -Wshadow -Wno-narrowing -Wno-comment -fdiagnostics-show-option -pthread -fomit-frame-pointer -mfp16-format=ieee -mfpu=neon -ffunction-sections -fvisibility=hidden -mfpu=neon-fp16 -DCHECK_FUNCTION_EXISTS=fseeko -O3 -DNDEBUG    CMakeFiles/cmTryCompileExec3880357961.dir/CheckFunctionExists.c.o  -o cmTryCompileExec3880357961 -rdynamic 
make[1]: Leaving directory `/home/ryu/workspace/library/opencv/opencv-3.2.0/build/CMakeFiles/CMakeTmp'


Determining if the include file unistd.h exists passed with the following output:
Change Dir: /home/ryu/workspace/library/opencv/opencv-3.2.0/build/CMakeFiles/CMakeTmp

Run Build Command:/usr/bin/make "cmTryCompileExec1207997184/fast"
/usr/bin/make -f CMakeFiles/cmTryCompileExec1207997184.dir/build.make CMakeFiles/cmTryCompileExec1207997184.dir/build
make[1]: Entering directory `/home/ryu/workspace/library/opencv/opencv-3.2.0/build/CMakeFiles/CMakeTmp'
/usr/bin/cmake -E cmake_progress_report /home/ryu/workspace/library/opencv/opencv-3.2.0/build/CMakeFiles/CMakeTmp/CMakeFiles 1
Building C object CMakeFiles/cmTryCompileExec1207997184.dir/CheckIncludeFile.c.o
/usr/local/arm/4.9.2/bin/arm-linux-gnueabihf-gcc   -mthumb  -fdata-sections -Wa,--noexecstack -fsigned-char -Wno-psabi   -fsigned-char -W -Wall -Werror=return-type -Werror=non-virtual-dtor -Werror=address -Werror=sequence-point -Wformat -Werror=format-security -Wmissing-declarations -Wmissing-prototypes -Wstrict-prototypes -Wundef -Winit-self -Wpointer-arith -Wshadow -Wno-narrowing -Wno-comment -fdiagnostics-show-option -pthread -fomit-frame-pointer -mfp16-format=ieee -mfpu=neon -ffunction-sections -fvisibility=hidden -mfpu=neon-fp16  -O3 -DNDEBUG   -o CMakeFiles/cmTryCompileExec1207997184.dir/CheckIncludeFile.c.o   -c /home/ryu/workspace/library/opencv/opencv-3.2.0/build/CMakeFiles/CMakeTmp/CheckIncludeFile.c
Linking C executable cmTryCompileExec1207997184
/usr/bin/cmake -E cmake_link_script CMakeFiles/cmTryCompileExec1207997184.dir/link.txt --verbose=1
/usr/local/arm/4.9.2/bin/arm-linux-gnueabihf-gcc  -mthumb  -fdata-sections -Wa,--noexecstack -fsigned-char -Wno-psabi   -fsigned-char -W -Wall -Werror=return-type -Werror=non-virtual-dtor -Werror=address -Werror=sequence-point -Wformat -Werror=format-security -Wmissing-declarations -Wmissing-prototypes -Wstrict-prototypes -Wundef -Winit-self -Wpointer-arith -Wshadow -Wno-narrowing -Wno-comment -fdiagnostics-show-option -pthread -fomit-frame-pointer -mfp16-format=ieee -mfpu=neon -ffunction-sections -fvisibility=hidden -mfpu=neon-fp16  -O3 -DNDEBUG    CMakeFiles/cmTryCompileExec1207997184.dir/CheckIncludeFile.c.o  -o cmTryCompileExec1207997184 -rdynamic 
make[1]: Leaving directory `/home/ryu/workspace/library/opencv/opencv-3.2.0/build/CMakeFiles/CMakeTmp'


Determining if the include file assert.h exists passed with the following output:
Change Dir: /home/ryu/workspace/library/opencv/opencv-3.2.0/build/CMakeFiles/CMakeTmp

Run Build Command:/usr/bin/make "cmTryCompileExec692616962/fast"
/usr/bin/make -f CMakeFiles/cmTryCompileExec692616962.dir/build.make CMakeFiles/cmTryCompileExec692616962.dir/build
make[1]: Entering directory `/home/ryu/workspace/library/opencv/opencv-3.2.0/build/CMakeFiles/CMakeTmp'
/usr/bin/cmake -E cmake_progress_report /home/ryu/workspace/library/opencv/opencv-3.2.0/build/CMakeFiles/CMakeTmp/CMakeFiles 1
Building C object CMakeFiles/cmTryCompileExec692616962.dir/CheckIncludeFile.c.o
/usr/local/arm/4.9.2/bin/arm-linux-gnueabihf-gcc   -mthumb  -fdata-sections -Wa,--noexecstack -fsigned-char -Wno-psabi   -fsigned-char -W -Wall -Werror=return-type -Werror=non-virtual-dtor -Werror=address -Werror=sequence-point -Wformat -Werror=format-security -Wmissing-declarations -Wmissing-prototypes -Wstrict-prototypes -Wundef -Winit-self -Wpointer-arith -Wshadow -Wno-narrowing -Wno-comment -fdiagnostics-show-option -pthread -fomit-frame-pointer -mfp16-format=ieee -mfpu=neon -ffunction-sections -fvisibility=hidden -mfpu=neon-fp16  -O3 -DNDEBUG   -o CMakeFiles/cmTryCompileExec692616962.dir/CheckIncludeFile.c.o   -c /home/ryu/workspace/library/opencv/opencv-3.2.0/build/CMakeFiles/CMakeTmp/CheckIncludeFile.c
Linking C executable cmTryCompileExec692616962
/usr/bin/cmake -E cmake_link_script CMakeFiles/cmTryCompileExec692616962.dir/link.txt --verbose=1
/usr/local/arm/4.9.2/bin/arm-linux-gnueabihf-gcc  -mthumb  -fdata-sections -Wa,--noexecstack -fsigned-char -Wno-psabi   -fsigned-char -W -Wall -Werror=return-type -Werror=non-virtual-dtor -Werror=address -Werror=sequence-point -Wformat -Werror=format-security -Wmissing-declarations -Wmissing-prototypes -Wstrict-prototypes -Wundef -Winit-self -Wpointer-arith -Wshadow -Wno-narrowing -Wno-comment -fdiagnostics-show-option -pthread -fomit-frame-pointer -mfp16-format=ieee -mfpu=neon -ffunction-sections -fvisibility=hidden -mfpu=neon-fp16  -O3 -DNDEBUG    CMakeFiles/cmTryCompileExec692616962.dir/CheckIncludeFile.c.o  -o cmTryCompileExec692616962 -rdynamic 
make[1]: Leaving directory `/home/ryu/workspace/library/opencv/opencv-3.2.0/build/CMakeFiles/CMakeTmp'


Determining if the include file fcntl.h exists passed with the following output:
Change Dir: /home/ryu/workspace/library/opencv/opencv-3.2.0/build/CMakeFiles/CMakeTmp

Run Build Command:/usr/bin/make "cmTryCompileExec1274838800/fast"
/usr/bin/make -f CMakeFiles/cmTryCompileExec1274838800.dir/build.make CMakeFiles/cmTryCompileExec1274838800.dir/build
make[1]: Entering directory `/home/ryu/workspace/library/opencv/opencv-3.2.0/build/CMakeFiles/CMakeTmp'
/usr/bin/cmake -E cmake_progress_report /home/ryu/workspace/library/opencv/opencv-3.2.0/build/CMakeFiles/CMakeTmp/CMakeFiles 1
Building C object CMakeFiles/cmTryCompileExec1274838800.dir/CheckIncludeFile.c.o
/usr/local/arm/4.9.2/bin/arm-linux-gnueabihf-gcc   -mthumb  -fdata-sections -Wa,--noexecstack -fsigned-char -Wno-psabi   -fsigned-char -W -Wall -Werror=return-type -Werror=non-virtual-dtor -Werror=address -Werror=sequence-point -Wformat -Werror=format-security -Wmissing-declarations -Wmissing-prototypes -Wstrict-prototypes -Wundef -Winit-self -Wpointer-arith -Wshadow -Wno-narrowing -Wno-comment -fdiagnostics-show-option -pthread -fomit-frame-pointer -mfp16-format=ieee -mfpu=neon -ffunction-sections -fvisibility=hidden -mfpu=neon-fp16  -O3 -DNDEBUG   -o CMakeFiles/cmTryCompileExec1274838800.dir/CheckIncludeFile.c.o   -c /home/ryu/workspace/library/opencv/opencv-3.2.0/build/CMakeFiles/CMakeTmp/CheckIncludeFile.c
Linking C executable cmTryCompileExec1274838800
/usr/bin/cmake -E cmake_link_script CMakeFiles/cmTryCompileExec1274838800.dir/link.txt --verbose=1
/usr/local/arm/4.9.2/bin/arm-linux-gnueabihf-gcc  -mthumb  -fdata-sections -Wa,--noexecstack -fsigned-char -Wno-psabi   -fsigned-char -W -Wall -Werror=return-type -Werror=non-virtual-dtor -Werror=address -Werror=sequence-point -Wformat -Werror=format-security -Wmissing-declarations -Wmissing-prototypes -Wstrict-prototypes -Wundef -Winit-self -Wpointer-arith -Wshadow -Wno-narrowing -Wno-comment -fdiagnostics-show-option -pthread -fomit-frame-pointer -mfp16-format=ieee -mfpu=neon -ffunction-sections -fvisibility=hidden -mfpu=neon-fp16  -O3 -DNDEBUG    CMakeFiles/cmTryCompileExec1274838800.dir/CheckIncludeFile.c.o  -o cmTryCompileExec1274838800 -rdynamic 
make[1]: Leaving directory `/home/ryu/workspace/library/opencv/opencv-3.2.0/build/CMakeFiles/CMakeTmp'


Determining if the function mmap exists passed with the following output:
Change Dir: /home/ryu/workspace/library/opencv/opencv-3.2.0/build/CMakeFiles/CMakeTmp

Run Build Command:/usr/bin/make "cmTryCompileExec3695274408/fast"
/usr/bin/make -f CMakeFiles/cmTryCompileExec3695274408.dir/build.make CMakeFiles/cmTryCompileExec3695274408.dir/build
make[1]: Entering directory `/home/ryu/workspace/library/opencv/opencv-3.2.0/build/CMakeFiles/CMakeTmp'
/usr/bin/cmake -E cmake_progress_report /home/ryu/workspace/library/opencv/opencv-3.2.0/build/CMakeFiles/CMakeTmp/CMakeFiles 1
Building C object CMakeFiles/cmTryCompileExec3695274408.dir/CheckFunctionExists.c.o
/usr/local/arm/4.9.2/bin/arm-linux-gnueabihf-gcc   -mthumb  -fdata-sections -Wa,--noexecstack -fsigned-char -Wno-psabi   -fsigned-char -W -Wall -Werror=return-type -Werror=non-virtual-dtor -Werror=address -Werror=sequence-point -Wformat -Werror=format-security -Wmissing-declarations -Wmissing-prototypes -Wstrict-prototypes -Wundef -Winit-self -Wpointer-arith -Wshadow -Wno-narrowing -Wno-comment -fdiagnostics-show-option -pthread -fomit-frame-pointer -mfp16-format=ieee -mfpu=neon -ffunction-sections -fvisibility=hidden -mfpu=neon-fp16 -DCHECK_FUNCTION_EXISTS=mmap -O3 -DNDEBUG   -o CMakeFiles/cmTryCompileExec3695274408.dir/CheckFunctionExists.c.o   -c /usr/share/cmake-2.8/Modules/CheckFunctionExists.c
/usr/share/cmake-2.8/Modules/CheckFunctionExists.c:3:1: warning: function declaration isnt a prototype [-Wstrict-prototypes]
 char CHECK_FUNCTION_EXISTS();
 ^
Linking C executable cmTryCompileExec3695274408
/usr/bin/cmake -E cmake_link_script CMakeFiles/cmTryCompileExec3695274408.dir/link.txt --verbose=1
/usr/local/arm/4.9.2/bin/arm-linux-gnueabihf-gcc  -mthumb  -fdata-sections -Wa,--noexecstack -fsigned-char -Wno-psabi   -fsigned-char -W -Wall -Werror=return-type -Werror=non-virtual-dtor -Werror=address -Werror=sequence-point -Wformat -Werror=format-security -Wmissing-declarations -Wmissing-prototypes -Wstrict-prototypes -Wundef -Winit-self -Wpointer-arith -Wshadow -Wno-narrowing -Wno-comment -fdiagnostics-show-option -pthread -fomit-frame-pointer -mfp16-format=ieee -mfpu=neon -ffunction-sections -fvisibility=hidden -mfpu=neon-fp16 -DCHECK_FUNCTION_EXISTS=mmap -O3 -DNDEBUG    CMakeFiles/cmTryCompileExec3695274408.dir/CheckFunctionExists.c.o  -o cmTryCompileExec3695274408 -rdynamic 
make[1]: Leaving directory `/home/ryu/workspace/library/opencv/opencv-3.2.0/build/CMakeFiles/CMakeTmp'


Determining if the include file search.h exists passed with the following output:
Change Dir: /home/ryu/workspace/library/opencv/opencv-3.2.0/build/CMakeFiles/CMakeTmp

Run Build Command:/usr/bin/make "cmTryCompileExec2237524975/fast"
/usr/bin/make -f CMakeFiles/cmTryCompileExec2237524975.dir/build.make CMakeFiles/cmTryCompileExec2237524975.dir/build
make[1]: Entering directory `/home/ryu/workspace/library/opencv/opencv-3.2.0/build/CMakeFiles/CMakeTmp'
/usr/bin/cmake -E cmake_progress_report /home/ryu/workspace/library/opencv/opencv-3.2.0/build/CMakeFiles/CMakeTmp/CMakeFiles 1
Building C object CMakeFiles/cmTryCompileExec2237524975.dir/CheckIncludeFile.c.o
/usr/local/arm/4.9.2/bin/arm-linux-gnueabihf-gcc   -mthumb  -fdata-sections -Wa,--noexecstack -fsigned-char -Wno-psabi   -fsigned-char -W -Wall -Werror=return-type -Werror=non-virtual-dtor -Werror=address -Werror=sequence-point -Wformat -Werror=format-security -Wmissing-declarations -Wmissing-prototypes -Wstrict-prototypes -Wundef -Winit-self -Wpointer-arith -Wshadow -Wno-narrowing -Wno-comment -fdiagnostics-show-option -pthread -fomit-frame-pointer -mfp16-format=ieee -mfpu=neon -ffunction-sections -fvisibility=hidden -mfpu=neon-fp16  -O3 -DNDEBUG   -o CMakeFiles/cmTryCompileExec2237524975.dir/CheckIncludeFile.c.o   -c /home/ryu/workspace/library/opencv/opencv-3.2.0/build/CMakeFiles/CMakeTmp/CheckIncludeFile.c
Linking C executable cmTryCompileExec2237524975
/usr/bin/cmake -E cmake_link_script CMakeFiles/cmTryCompileExec2237524975.dir/link.txt --verbose=1
/usr/local/arm/4.9.2/bin/arm-linux-gnueabihf-gcc  -mthumb  -fdata-sections -Wa,--noexecstack -fsigned-char -Wno-psabi   -fsigned-char -W -Wall -Werror=return-type -Werror=non-virtual-dtor -Werror=address -Werror=sequence-point -Wformat -Werror=format-security -Wmissing-declarations -Wmissing-prototypes -Wstrict-prototypes -Wundef -Winit-self -Wpointer-arith -Wshadow -Wno-narrowing -Wno-comment -fdiagnostics-show-option -pthread -fomit-frame-pointer -mfp16-format=ieee -mfpu=neon -ffunction-sections -fvisibility=hidden -mfpu=neon-fp16  -O3 -DNDEBUG    CMakeFiles/cmTryCompileExec2237524975.dir/CheckIncludeFile.c.o  -o cmTryCompileExec2237524975 -rdynamic 
make[1]: Leaving directory `/home/ryu/workspace/library/opencv/opencv-3.2.0/build/CMakeFiles/CMakeTmp'


Determining if the include file string.h exists passed with the following output:
Change Dir: /home/ryu/workspace/library/opencv/opencv-3.2.0/build/CMakeFiles/CMakeTmp

Run Build Command:/usr/bin/make "cmTryCompileExec2056678747/fast"
/usr/bin/make -f CMakeFiles/cmTryCompileExec2056678747.dir/build.make CMakeFiles/cmTryCompileExec2056678747.dir/build
make[1]: Entering directory `/home/ryu/workspace/library/opencv/opencv-3.2.0/build/CMakeFiles/CMakeTmp'
/usr/bin/cmake -E cmake_progress_report /home/ryu/workspace/library/opencv/opencv-3.2.0/build/CMakeFiles/CMakeTmp/CMakeFiles 1
Building C object CMakeFiles/cmTryCompileExec2056678747.dir/CheckIncludeFile.c.o
/usr/local/arm/4.9.2/bin/arm-linux-gnueabihf-gcc   -mthumb  -fdata-sections -Wa,--noexecstack -fsigned-char -Wno-psabi   -fsigned-char -W -Wall -Werror=return-type -Werror=non-virtual-dtor -Werror=address -Werror=sequence-point -Wformat -Werror=format-security -Wmissing-declarations -Wmissing-prototypes -Wstrict-prototypes -Wundef -Winit-self -Wpointer-arith -Wshadow -Wno-narrowing -Wno-comment -fdiagnostics-show-option -pthread -fomit-frame-pointer -mfp16-format=ieee -mfpu=neon -ffunction-sections -fvisibility=hidden -mfpu=neon-fp16  -O3 -DNDEBUG   -o CMakeFiles/cmTryCompileExec2056678747.dir/CheckIncludeFile.c.o   -c /home/ryu/workspace/library/opencv/opencv-3.2.0/build/CMakeFiles/CMakeTmp/CheckIncludeFile.c
Linking C executable cmTryCompileExec2056678747
/usr/bin/cmake -E cmake_link_script CMakeFiles/cmTryCompileExec2056678747.dir/link.txt --verbose=1
/usr/local/arm/4.9.2/bin/arm-linux-gnueabihf-gcc  -mthumb  -fdata-sections -Wa,--noexecstack -fsigned-char -Wno-psabi   -fsigned-char -W -Wall -Werror=return-type -Werror=non-virtual-dtor -Werror=address -Werror=sequence-point -Wformat -Werror=format-security -Wmissing-declarations -Wmissing-prototypes -Wstrict-prototypes -Wundef -Winit-self -Wpointer-arith -Wshadow -Wno-narrowing -Wno-comment -fdiagnostics-show-option -pthread -fomit-frame-pointer -mfp16-format=ieee -mfpu=neon -ffunction-sections -fvisibility=hidden -mfpu=neon-fp16  -O3 -DNDEBUG    CMakeFiles/cmTryCompileExec2056678747.dir/CheckIncludeFile.c.o  -o cmTryCompileExec2056678747 -rdynamic 
make[1]: Leaving directory `/home/ryu/workspace/library/opencv/opencv-3.2.0/build/CMakeFiles/CMakeTmp'


Determining if the include file unistd.h exists passed with the following output:
Change Dir: /home/ryu/workspace/library/opencv/opencv-3.2.0/build/CMakeFiles/CMakeTmp

Run Build Command:/usr/bin/make "cmTryCompileExec1309811985/fast"
/usr/bin/make -f CMakeFiles/cmTryCompileExec1309811985.dir/build.make CMakeFiles/cmTryCompileExec1309811985.dir/build
make[1]: Entering directory `/home/ryu/workspace/library/opencv/opencv-3.2.0/build/CMakeFiles/CMakeTmp'
/usr/bin/cmake -E cmake_progress_report /home/ryu/workspace/library/opencv/opencv-3.2.0/build/CMakeFiles/CMakeTmp/CMakeFiles 1
Building C object CMakeFiles/cmTryCompileExec1309811985.dir/CheckIncludeFile.c.o
/usr/local/arm/4.9.2/bin/arm-linux-gnueabihf-gcc   -mthumb  -fdata-sections -Wa,--noexecstack -fsigned-char -Wno-psabi   -fsigned-char -W -Wall -Werror=return-type -Werror=non-virtual-dtor -Werror=address -Werror=sequence-point -Wformat -Werror=format-security -Wmissing-declarations -Wmissing-prototypes -Wstrict-prototypes -Wundef -Winit-self -Wpointer-arith -Wshadow -Wno-narrowing -Wno-comment -fdiagnostics-show-option -pthread -fomit-frame-pointer -mfp16-format=ieee -mfpu=neon -ffunction-sections -fvisibility=hidden -mfpu=neon-fp16  -O3 -DNDEBUG   -o CMakeFiles/cmTryCompileExec1309811985.dir/CheckIncludeFile.c.o   -c /home/ryu/workspace/library/opencv/opencv-3.2.0/build/CMakeFiles/CMakeTmp/CheckIncludeFile.c
Linking C executable cmTryCompileExec1309811985
/usr/bin/cmake -E cmake_link_script CMakeFiles/cmTryCompileExec1309811985.dir/link.txt --verbose=1
/usr/local/arm/4.9.2/bin/arm-linux-gnueabihf-gcc  -mthumb  -fdata-sections -Wa,--noexecstack -fsigned-char -Wno-psabi   -fsigned-char -W -Wall -Werror=return-type -Werror=non-virtual-dtor -Werror=address -Werror=sequence-point -Wformat -Werror=format-security -Wmissing-declarations -Wmissing-prototypes -Wstrict-prototypes -Wundef -Winit-self -Wpointer-arith -Wshadow -Wno-narrowing -Wno-comment -fdiagnostics-show-option -pthread -fomit-frame-pointer -mfp16-format=ieee -mfpu=neon -ffunction-sections -fvisibility=hidden -mfpu=neon-fp16  -O3 -DNDEBUG    CMakeFiles/cmTryCompileExec1309811985.dir/CheckIncludeFile.c.o  -o cmTryCompileExec1309811985 -rdynamic 
make[1]: Leaving directory `/home/ryu/workspace/library/opencv/opencv-3.2.0/build/CMakeFiles/CMakeTmp'


Determining if the include file semaphore.h exists passed with the following output:
Change Dir: /home/ryu/workspace/library/opencv/opencv-3.2.0/build/CMakeFiles/CMakeTmp

Run Build Command:/usr/bin/make "cmTryCompileExec1115172317/fast"
/usr/bin/make -f CMakeFiles/cmTryCompileExec1115172317.dir/build.make CMakeFiles/cmTryCompileExec1115172317.dir/build
make[1]: Entering directory `/home/ryu/workspace/library/opencv/opencv-3.2.0/build/CMakeFiles/CMakeTmp'
/usr/bin/cmake -E cmake_progress_report /home/ryu/workspace/library/opencv/opencv-3.2.0/build/CMakeFiles/CMakeTmp/CMakeFiles 1
Building C object CMakeFiles/cmTryCompileExec1115172317.dir/CheckIncludeFile.c.o
/usr/local/arm/4.9.2/bin/arm-linux-gnueabihf-gcc   -mthumb  -fdata-sections -Wa,--noexecstack -fsigned-char -Wno-psabi   -fsigned-char -W -Wall -Werror=return-type -Werror=non-virtual-dtor -Werror=address -Werror=sequence-point -Wformat -Werror=format-security -Wmissing-declarations -Wmissing-prototypes -Wstrict-prototypes -Wundef -Winit-self -Wpointer-arith -Wshadow -Wno-narrowing -Wno-comment -fdiagnostics-show-option -pthread -fomit-frame-pointer -mfp16-format=ieee -mfpu=neon -ffunction-sections -fvisibility=hidden -mfpu=neon-fp16  -O3 -DNDEBUG   -o CMakeFiles/cmTryCompileExec1115172317.dir/CheckIncludeFile.c.o   -c /home/ryu/workspace/library/opencv/opencv-3.2.0/build/CMakeFiles/CMakeTmp/CheckIncludeFile.c
Linking C executable cmTryCompileExec1115172317
/usr/bin/cmake -E cmake_link_script CMakeFiles/cmTryCompileExec1115172317.dir/link.txt --verbose=1
/usr/local/arm/4.9.2/bin/arm-linux-gnueabihf-gcc  -mthumb  -fdata-sections -Wa,--noexecstack -fsigned-char -Wno-psabi   -fsigned-char -W -Wall -Werror=return-type -Werror=non-virtual-dtor -Werror=address -Werror=sequence-point -Wformat -Werror=format-security -Wmissing-declarations -Wmissing-prototypes -Wstrict-prototypes -Wundef -Winit-self -Wpointer-arith -Wshadow -Wno-narrowing -Wno-comment -fdiagnostics-show-option -pthread -fomit-frame-pointer -mfp16-format=ieee -mfpu=neon -ffunction-sections -fvisibility=hidden -mfpu=neon-fp16  -O3 -DNDEBUG    CMakeFiles/cmTryCompileExec1115172317.dir/CheckIncludeFile.c.o  -o cmTryCompileExec1115172317 -rdynamic 
make[1]: Leaving directory `/home/ryu/workspace/library/opencv/opencv-3.2.0/build/CMakeFiles/CMakeTmp'


Determining if the include file linux/videodev2.h exists passed with the following output:
Change Dir: /home/ryu/workspace/library/opencv/opencv-3.2.0/build/CMakeFiles/CMakeTmp

Run Build Command:/usr/bin/make "cmTryCompileExec771107908/fast"
/usr/bin/make -f CMakeFiles/cmTryCompileExec771107908.dir/build.make CMakeFiles/cmTryCompileExec771107908.dir/build
make[1]: Entering directory `/home/ryu/workspace/library/opencv/opencv-3.2.0/build/CMakeFiles/CMakeTmp'
/usr/bin/cmake -E cmake_progress_report /home/ryu/workspace/library/opencv/opencv-3.2.0/build/CMakeFiles/CMakeTmp/CMakeFiles 1
Building C object CMakeFiles/cmTryCompileExec771107908.dir/CheckIncludeFile.c.o
/usr/local/arm/4.9.2/bin/arm-linux-gnueabihf-gcc   -mthumb  -fdata-sections -Wa,--noexecstack -fsigned-char -Wno-psabi   -fsigned-char -W -Wall -Werror=return-type -Werror=non-virtual-dtor -Werror=address -Werror=sequence-point -Wformat -Werror=format-security -Wmissing-declarations -Wmissing-prototypes -Wstrict-prototypes -Wundef -Winit-self -Wpointer-arith -Wshadow -Wno-narrowing -Wno-comment -fdiagnostics-show-option -pthread -fomit-frame-pointer -mfp16-format=ieee -mfpu=neon -ffunction-sections -fvisibility=hidden -mfpu=neon-fp16  -O3 -DNDEBUG   -o CMakeFiles/cmTryCompileExec771107908.dir/CheckIncludeFile.c.o   -c /home/ryu/workspace/library/opencv/opencv-3.2.0/build/CMakeFiles/CMakeTmp/CheckIncludeFile.c
Linking C executable cmTryCompileExec771107908
/usr/bin/cmake -E cmake_link_script CMakeFiles/cmTryCompileExec771107908.dir/link.txt --verbose=1
/usr/local/arm/4.9.2/bin/arm-linux-gnueabihf-gcc  -mthumb  -fdata-sections -Wa,--noexecstack -fsigned-char -Wno-psabi   -fsigned-char -W -Wall -Werror=return-type -Werror=non-virtual-dtor -Werror=address -Werror=sequence-point -Wformat -Werror=format-security -Wmissing-declarations -Wmissing-prototypes -Wstrict-prototypes -Wundef -Winit-self -Wpointer-arith -Wshadow -Wno-narrowing -Wno-comment -fdiagnostics-show-option -pthread -fomit-frame-pointer -mfp16-format=ieee -mfpu=neon -ffunction-sections -fvisibility=hidden -mfpu=neon-fp16  -O3 -DNDEBUG    CMakeFiles/cmTryCompileExec771107908.dir/CheckIncludeFile.c.o  -o cmTryCompileExec771107908 -rdynamic 
make[1]: Leaving directory `/home/ryu/workspace/library/opencv/opencv-3.2.0/build/CMakeFiles/CMakeTmp'


Performing C++ SOURCE FILE Test CXX_HAS_MFPU_NEON succeded with the following output:
Change Dir: /home/ryu/workspace/library/opencv/opencv-3.2.0/build/CMakeFiles/CMakeTmp

Run Build Command:/usr/bin/make "cmTryCompileExec3188571687/fast"
/usr/bin/make -f CMakeFiles/cmTryCompileExec3188571687.dir/build.make CMakeFiles/cmTryCompileExec3188571687.dir/build
make[1]: Entering directory `/home/ryu/workspace/library/opencv/opencv-3.2.0/build/CMakeFiles/CMakeTmp'
/usr/bin/cmake -E cmake_progress_report /home/ryu/workspace/library/opencv/opencv-3.2.0/build/CMakeFiles/CMakeTmp/CMakeFiles 1
Building CXX object CMakeFiles/cmTryCompileExec3188571687.dir/src.cxx.o
/usr/local/arm/4.9.2/bin/arm-linux-gnueabihf-g++    -mthumb  -fdata-sections -Wa,--noexecstack -fsigned-char -Wno-psabi   -fsigned-char -W -Wall -Werror=return-type -Werror=non-virtual-dtor -Werror=address -Werror=sequence-point -Wformat -Werror=format-security -Wmissing-declarations -Wundef -Winit-self -Wpointer-arith -Wshadow -Wsign-promo -Wno-narrowing -Wno-delete-non-virtual-dtor -Wno-comment -fdiagnostics-show-option -pthread -fomit-frame-pointer -mfp16-format=ieee -mfpu=neon -ffunction-sections -fvisibility=hidden -fvisibility-inlines-hidden -mfpu=neon-fp16 -funwind-tables -fweb -fwrapv -frename-registers -fsched2-use-superblocks -fsched2-use-traces -fsched-stalled-insns-dep=100 -fsched-stalled-insns=2 -DCXX_HAS_MFPU_NEON -O3 -DNDEBUG -fPIE   -mfpu=neon -o CMakeFiles/cmTryCompileExec3188571687.dir/src.cxx.o -c /home/ryu/workspace/library/opencv/opencv-3.2.0/build/CMakeFiles/CMakeTmp/src.cxx
Linking CXX executable cmTryCompileExec3188571687
/usr/bin/cmake -E cmake_link_script CMakeFiles/cmTryCompileExec3188571687.dir/link.txt --verbose=1
/usr/local/arm/4.9.2/bin/arm-linux-gnueabihf-g++   -mthumb  -fdata-sections -Wa,--noexecstack -fsigned-char -Wno-psabi   -fsigned-char -W -Wall -Werror=return-type -Werror=non-virtual-dtor -Werror=address -Werror=sequence-point -Wformat -Werror=format-security -Wmissing-declarations -Wundef -Winit-self -Wpointer-arith -Wshadow -Wsign-promo -Wno-narrowing -Wno-delete-non-virtual-dtor -Wno-comment -fdiagnostics-show-option -pthread -fomit-frame-pointer -mfp16-format=ieee -mfpu=neon -ffunction-sections -fvisibility=hidden -fvisibility-inlines-hidden -mfpu=neon-fp16 -funwind-tables -fweb -fwrapv -frename-registers -fsched2-use-superblocks -fsched2-use-traces -fsched-stalled-insns-dep=100 -fsched-stalled-insns=2 -DCXX_HAS_MFPU_NEON -O3 -DNDEBUG    CMakeFiles/cmTryCompileExec3188571687.dir/src.cxx.o  -o cmTryCompileExec3188571687 -rdynamic 
make[1]: Leaving directory `/home/ryu/workspace/library/opencv/opencv-3.2.0/build/CMakeFiles/CMakeTmp'

Source file was:
int main() { return 0;}
Performing C SOURCE FILE Test C_HAS_MFPU_NEON succeded with the following output:
Change Dir: /home/ryu/workspace/library/opencv/opencv-3.2.0/build/CMakeFiles/CMakeTmp

Run Build Command:/usr/bin/make "cmTryCompileExec1818962323/fast"
/usr/bin/make -f CMakeFiles/cmTryCompileExec1818962323.dir/build.make CMakeFiles/cmTryCompileExec1818962323.dir/build
make[1]: Entering directory `/home/ryu/workspace/library/opencv/opencv-3.2.0/build/CMakeFiles/CMakeTmp'
/usr/bin/cmake -E cmake_progress_report /home/ryu/workspace/library/opencv/opencv-3.2.0/build/CMakeFiles/CMakeTmp/CMakeFiles 1
Building C object CMakeFiles/cmTryCompileExec1818962323.dir/src.c.o
/usr/local/arm/4.9.2/bin/arm-linux-gnueabihf-gcc   -mthumb  -fdata-sections -Wa,--noexecstack -fsigned-char -Wno-psabi   -fsigned-char -W -Wall -Werror=return-type -Werror=non-virtual-dtor -Werror=address -Werror=sequence-point -Wformat -Werror=format-security -Wmissing-declarations -Wmissing-prototypes -Wstrict-prototypes -Wundef -Winit-self -Wpointer-arith -Wshadow -Wno-narrowing -Wno-comment -fdiagnostics-show-option -pthread -fomit-frame-pointer -mfp16-format=ieee -mfpu=neon -ffunction-sections -fvisibility=hidden -mfpu=neon-fp16 -funwind-tables -fweb -fwrapv -frename-registers -fsched2-use-superblocks -fsched2-use-traces -fsched-stalled-insns-dep=100 -fsched-stalled-insns=2 -DC_HAS_MFPU_NEON -O3 -DNDEBUG -fPIE   -mfpu=neon -o CMakeFiles/cmTryCompileExec1818962323.dir/src.c.o   -c /home/ryu/workspace/library/opencv/opencv-3.2.0/build/CMakeFiles/CMakeTmp/src.c
Linking C executable cmTryCompileExec1818962323
/usr/bin/cmake -E cmake_link_script CMakeFiles/cmTryCompileExec1818962323.dir/link.txt --verbose=1
/usr/local/arm/4.9.2/bin/arm-linux-gnueabihf-gcc  -mthumb  -fdata-sections -Wa,--noexecstack -fsigned-char -Wno-psabi   -fsigned-char -W -Wall -Werror=return-type -Werror=non-virtual-dtor -Werror=address -Werror=sequence-point -Wformat -Werror=format-security -Wmissing-declarations -Wmissing-prototypes -Wstrict-prototypes -Wundef -Winit-self -Wpointer-arith -Wshadow -Wno-narrowing -Wno-comment -fdiagnostics-show-option -pthread -fomit-frame-pointer -mfp16-format=ieee -mfpu=neon -ffunction-sections -fvisibility=hidden -mfpu=neon-fp16 -funwind-tables -fweb -fwrapv -frename-registers -fsched2-use-superblocks -fsched2-use-traces -fsched-stalled-insns-dep=100 -fsched-stalled-insns=2 -DC_HAS_MFPU_NEON -O3 -DNDEBUG    CMakeFiles/cmTryCompileExec1818962323.dir/src.c.o  -o cmTryCompileExec1818962323 -rdynamic 
make[1]: Leaving directory `/home/ryu/workspace/library/opencv/opencv-3.2.0/build/CMakeFiles/CMakeTmp'

Source file was:
int main(void) { return 0; }
